DEB [20181123-16:55:04.764] thr=1   paramiko.transport: starting thread (client mode): 0x20b31f28
DEB [20181123-16:55:04.765] thr=1   paramiko.transport: Local version/idstring: SSH-2.0-paramiko_2.4.2
DEB [20181123-16:55:04.789] thr=1   paramiko.transport: Remote version/idstring: SSH-2.0-OpenSSH_7.5
INF [20181123-16:55:04.790] thr=1   paramiko.transport: Connected (version 2.0, client OpenSSH_7.5)
DEB [20181123-16:55:04.793] thr=1   paramiko.transport: kex algos:['curve25519-sha256', 'curve25519-sha256@libssh.org', 'ecdh-sha2-nistp256', 'ecdh-sha2-nistp384', 'ecdh-sha2-nistp521', 'diffie-hellman-group-exchange-sha256', 'diffie-hellman-group16-sha512', 'diffie-hellman-group18-sha512', 'diffie-hellman-group14-sha256', 'diffie-hellman-group14-sha1'] server key:['ssh-rsa', 'rsa-sha2-512', 'rsa-sha2-256'] client encrypt:['aes128-ctr', 'aes192-ctr', 'aes256-ctr', '3des-cbc'] server encrypt:['aes128-ctr', 'aes192-ctr', 'aes256-ctr', '3des-cbc'] client mac:['hmac-sha2-256', 'hmac-sha2-512', 'hmac-sha1'] server mac:['hmac-sha2-256', 'hmac-sha2-512', 'hmac-sha1'] client compress:['none', 'zlib@openssh.com'] server compress:['none', 'zlib@openssh.com'] client lang:[''] server lang:[''] kex follows?False
DEB [20181123-16:55:04.793] thr=1   paramiko.transport: Kex agreed: ecdh-sha2-nistp256
DEB [20181123-16:55:04.794] thr=1   paramiko.transport: HostKey agreed: ssh-rsa
DEB [20181123-16:55:04.794] thr=1   paramiko.transport: Cipher agreed: aes128-ctr
DEB [20181123-16:55:04.795] thr=1   paramiko.transport: MAC agreed: hmac-sha2-256
DEB [20181123-16:55:04.795] thr=1   paramiko.transport: Compression agreed: none
DEB [20181123-16:55:05.026] thr=1   paramiko.transport: kex engine KexNistp256 specified hash_algo <built-in function openssl_sha256>
DEB [20181123-16:55:05.028] thr=1   paramiko.transport: Switch to new keys ...
DEB [20181123-16:55:05.031] thr=2   paramiko.transport: Adding ssh-rsa host key for 172.16.1.201: b'604598cac6e4f25ac3ea8ad67ffe0784'
DEB [20181123-16:55:05.141] thr=1   paramiko.transport: userauth is OK
DEB [20181123-16:55:05.155] thr=1   paramiko.transport: Authentication type (password) not permitted.
DEB [20181123-16:55:05.155] thr=1   paramiko.transport: Allowed methods: ['publickey', 'keyboard-interactive']
DEB [20181123-16:55:05.158] thr=1   paramiko.transport: userauth is OK
INF [20181123-16:55:05.296] thr=1   paramiko.transport: Authentication (keyboard-interactive) successful!
DEB [20181123-16:55:05.298] thr=2   paramiko.transport: [chan 0] Max packet in: 32768 bytes
DEB [20181123-16:55:05.301] thr=1   paramiko.transport: Received global request "hostkeys-00@openssh.com"
DEB [20181123-16:55:05.302] thr=1   paramiko.transport: Rejecting "hostkeys-00@openssh.com" global request from server.
DEB [20181123-16:55:05.343] thr=1   paramiko.transport: [chan 0] Max packet out: 32768 bytes
DEB [20181123-16:55:05.343] thr=1   paramiko.transport: Secsh channel 0 opened.
DEB [20181123-16:55:05.351] thr=1   paramiko.transport: [chan 0] Sesch channel 0 request ok
DEB [20181123-16:55:05.355] thr=3   paramiko.transport: starting thread (client mode): 0x212e7a20
DEB [20181123-16:55:05.355] thr=3   paramiko.transport: Local version/idstring: SSH-2.0-paramiko_2.4.2
DEB [20181123-16:55:05.377] thr=3   paramiko.transport: Remote version/idstring: SSH-2.0-OpenSSH_7.5
INF [20181123-16:55:05.377] thr=3   paramiko.transport: Connected (version 2.0, client OpenSSH_7.5)
DEB [20181123-16:55:05.382] thr=3   paramiko.transport: kex algos:['curve25519-sha256', 'curve25519-sha256@libssh.org', 'ecdh-sha2-nistp256', 'ecdh-sha2-nistp384', 'ecdh-sha2-nistp521', 'diffie-hellman-group-exchange-sha256', 'diffie-hellman-group16-sha512', 'diffie-hellman-group18-sha512', 'diffie-hellman-group14-sha256', 'diffie-hellman-group14-sha1'] server key:['ssh-rsa', 'rsa-sha2-512', 'rsa-sha2-256'] client encrypt:['aes128-ctr', 'aes192-ctr', 'aes256-ctr', '3des-cbc'] server encrypt:['aes128-ctr', 'aes192-ctr', 'aes256-ctr', '3des-cbc'] client mac:['hmac-sha2-256', 'hmac-sha2-512', 'hmac-sha1'] server mac:['hmac-sha2-256', 'hmac-sha2-512', 'hmac-sha1'] client compress:['none', 'zlib@openssh.com'] server compress:['none', 'zlib@openssh.com'] client lang:[''] server lang:[''] kex follows?False
DEB [20181123-16:55:05.382] thr=3   paramiko.transport: Kex agreed: ecdh-sha2-nistp256
DEB [20181123-16:55:05.382] thr=3   paramiko.transport: HostKey agreed: ssh-rsa
DEB [20181123-16:55:05.383] thr=3   paramiko.transport: Cipher agreed: aes128-ctr
DEB [20181123-16:55:05.383] thr=3   paramiko.transport: MAC agreed: hmac-sha2-256
DEB [20181123-16:55:05.383] thr=3   paramiko.transport: Compression agreed: none
DEB [20181123-16:55:05.424] thr=3   paramiko.transport: kex engine KexNistp256 specified hash_algo <built-in function openssl_sha256>
DEB [20181123-16:55:05.426] thr=3   paramiko.transport: Switch to new keys ...
DEB [20181123-16:55:05.428] thr=2   paramiko.transport: Adding ssh-rsa host key for 172.16.1.201: b'604598cac6e4f25ac3ea8ad67ffe0784'
DEB [20181123-16:55:05.451] thr=1   paramiko.transport: EOF in transport thread
DEB [20181123-16:55:05.530] thr=3   paramiko.transport: userauth is OK
DEB [20181123-16:55:05.543] thr=3   paramiko.transport: Authentication type (password) not permitted.
DEB [20181123-16:55:05.543] thr=3   paramiko.transport: Allowed methods: ['publickey', 'keyboard-interactive']
DEB [20181123-16:55:05.545] thr=3   paramiko.transport: userauth is OK
INF [20181123-16:55:05.680] thr=3   paramiko.transport: Authentication (keyboard-interactive) successful!
DEB [20181123-16:55:05.681] thr=2   paramiko.transport: [chan 0] Max packet in: 32768 bytes
DEB [20181123-16:55:05.698] thr=3   paramiko.transport: Received global request "hostkeys-00@openssh.com"
DEB [20181123-16:55:05.699] thr=3   paramiko.transport: Rejecting "hostkeys-00@openssh.com" global request from server.
DEB [20181123-16:55:05.739] thr=3   paramiko.transport: [chan 0] Max packet out: 32768 bytes
DEB [20181123-16:55:05.739] thr=3   paramiko.transport: Secsh channel 0 opened.
DEB [20181123-16:55:05.744] thr=3   paramiko.transport: [chan 0] Sesch channel 0 request ok
DEB [20181123-16:55:05.861] thr=3   paramiko.transport: EOF in transport thread
DEB [20181123-16:55:38.764] thr=4   paramiko.transport: starting thread (client mode): 0x1a512e48
DEB [20181123-16:55:38.766] thr=4   paramiko.transport: Local version/idstring: SSH-2.0-paramiko_2.4.2
DEB [20181123-16:55:38.797] thr=4   paramiko.transport: Remote version/idstring: SSH-2.0-Cisco-1.25
INF [20181123-16:55:38.798] thr=4   paramiko.transport: Connected (version 2.0, client Cisco-1.25)
DEB [20181123-16:55:38.820] thr=4   paramiko.transport: kex algos:['diffie-hellman-group-exchange-sha1', 'diffie-hellman-group14-sha1'] server key:['ssh-rsa'] client encrypt:['aes128-ctr', 'aes192-ctr', 'aes256-ctr', 'aes128-cbc', '3des-cbc', 'aes192-cbc', 'aes256-cbc'] server encrypt:['aes128-ctr', 'aes192-ctr', 'aes256-ctr', 'aes128-cbc', '3des-cbc', 'aes192-cbc', 'aes256-cbc'] client mac:['hmac-sha1', 'hmac-sha1-96'] server mac:['hmac-sha1', 'hmac-sha1-96'] client compress:['none'] server compress:['none'] client lang:[''] server lang:[''] kex follows?False
DEB [20181123-16:55:38.821] thr=4   paramiko.transport: Kex agreed: diffie-hellman-group-exchange-sha1
DEB [20181123-16:55:38.821] thr=4   paramiko.transport: HostKey agreed: ssh-rsa
DEB [20181123-16:55:38.822] thr=4   paramiko.transport: Cipher agreed: aes128-ctr
DEB [20181123-16:55:38.822] thr=4   paramiko.transport: MAC agreed: hmac-sha1
DEB [20181123-16:55:38.822] thr=4   paramiko.transport: Compression agreed: none
DEB [20181123-16:55:38.840] thr=4   paramiko.transport: Got server p (2048 bits)
DEB [20181123-16:55:39.493] thr=4   paramiko.transport: kex engine KexGex specified hash_algo <built-in function openssl_sha1>
DEB [20181123-16:55:39.495] thr=4   paramiko.transport: Switch to new keys ...
DEB [20181123-16:55:39.498] thr=2   paramiko.transport: Adding ssh-rsa host key for 192.168.1.105: b'22d2f93d3a09c19f4c0a51aab0ea92cc'
DEB [20181123-16:55:39.722] thr=4   paramiko.transport: userauth is OK
INF [20181123-16:55:39.767] thr=4   paramiko.transport: Authentication (password) successful!
DEB [20181123-16:55:39.768] thr=2   paramiko.transport: [chan 0] Max packet in: 32768 bytes
DEB [20181123-16:55:39.777] thr=4   paramiko.transport: [chan 0] Max packet out: 4096 bytes
DEB [20181123-16:55:39.777] thr=4   paramiko.transport: Secsh channel 0 opened.
DEB [20181123-16:55:39.783] thr=4   paramiko.transport: [chan 0] Sesch channel 0 request ok
DEB [20181123-16:55:39.792] thr=4   paramiko.transport: [chan 0] Sesch channel 0 request ok
DEB [20181123-16:55:44.378] thr=4   paramiko.transport: EOF in transport thread
DEB [20181123-22:40:30.026] thr=1   paramiko.transport: starting thread (client mode): 0x9fde85c0
DEB [20181123-22:40:30.042] thr=1   paramiko.transport: Local version/idstring: SSH-2.0-paramiko_2.4.2
DEB [20181123-22:40:30.042] thr=1   paramiko.transport: Remote version/idstring: SSH-2.0-OpenSSH_7.5
INF [20181123-22:40:30.043] thr=1   paramiko.transport: Connected (version 2.0, client OpenSSH_7.5)
DEB [20181123-22:40:30.045] thr=1   paramiko.transport: kex algos:['curve25519-sha256', 'curve25519-sha256@libssh.org', 'ecdh-sha2-nistp256', 'ecdh-sha2-nistp384', 'ecdh-sha2-nistp521', 'diffie-hellman-group-exchange-sha256', 'diffie-hellman-group16-sha512', 'diffie-hellman-group18-sha512', 'diffie-hellman-group14-sha256', 'diffie-hellman-group14-sha1'] server key:['ssh-rsa', 'rsa-sha2-512', 'rsa-sha2-256'] client encrypt:['aes128-ctr', 'aes192-ctr', 'aes256-ctr', '3des-cbc'] server encrypt:['aes128-ctr', 'aes192-ctr', 'aes256-ctr', '3des-cbc'] client mac:['hmac-sha2-256', 'hmac-sha2-512', 'hmac-sha1'] server mac:['hmac-sha2-256', 'hmac-sha2-512', 'hmac-sha1'] client compress:['none', 'zlib@openssh.com'] server compress:['none', 'zlib@openssh.com'] client lang:[''] server lang:[''] kex follows?False
DEB [20181123-22:40:30.045] thr=1   paramiko.transport: Kex agreed: ecdh-sha2-nistp256
DEB [20181123-22:40:30.045] thr=1   paramiko.transport: HostKey agreed: ssh-rsa
DEB [20181123-22:40:30.046] thr=1   paramiko.transport: Cipher agreed: aes128-ctr
DEB [20181123-22:40:30.046] thr=1   paramiko.transport: MAC agreed: hmac-sha2-256
DEB [20181123-22:40:30.046] thr=1   paramiko.transport: Compression agreed: none
DEB [20181123-22:40:30.319] thr=1   paramiko.transport: kex engine KexNistp256 specified hash_algo <built-in function openssl_sha256>
DEB [20181123-22:40:30.319] thr=1   paramiko.transport: Switch to new keys ...
DEB [20181123-22:40:30.320] thr=2   paramiko.transport: Adding ssh-rsa host key for 172.16.1.201: b'604598cac6e4f25ac3ea8ad67ffe0784'
DEB [20181123-22:40:30.430] thr=1   paramiko.transport: userauth is OK
DEB [20181123-22:40:30.434] thr=1   paramiko.transport: Authentication type (password) not permitted.
DEB [20181123-22:40:30.434] thr=1   paramiko.transport: Allowed methods: ['publickey', 'keyboard-interactive']
DEB [20181123-22:40:30.435] thr=1   paramiko.transport: userauth is OK
INF [20181123-22:40:30.487] thr=1   paramiko.transport: Authentication (keyboard-interactive) successful!
DEB [20181123-22:40:30.488] thr=2   paramiko.transport: [chan 0] Max packet in: 32768 bytes
DEB [20181123-22:40:30.490] thr=1   paramiko.transport: Received global request "hostkeys-00@openssh.com"
DEB [20181123-22:40:30.490] thr=1   paramiko.transport: Rejecting "hostkeys-00@openssh.com" global request from server.
DEB [20181123-22:40:30.530] thr=1   paramiko.transport: [chan 0] Max packet out: 32768 bytes
DEB [20181123-22:40:30.531] thr=1   paramiko.transport: Secsh channel 0 opened.
DEB [20181123-22:40:30.533] thr=1   paramiko.transport: [chan 0] Sesch channel 0 request ok
DEB [20181123-22:40:30.537] thr=3   paramiko.transport: starting thread (client mode): 0x9fde8550
DEB [20181123-22:40:30.538] thr=3   paramiko.transport: Local version/idstring: SSH-2.0-paramiko_2.4.2
DEB [20181123-22:40:30.543] thr=3   paramiko.transport: Remote version/idstring: SSH-2.0-OpenSSH_7.5
INF [20181123-22:40:30.544] thr=3   paramiko.transport: Connected (version 2.0, client OpenSSH_7.5)
DEB [20181123-22:40:30.546] thr=3   paramiko.transport: kex algos:['curve25519-sha256', 'curve25519-sha256@libssh.org', 'ecdh-sha2-nistp256', 'ecdh-sha2-nistp384', 'ecdh-sha2-nistp521', 'diffie-hellman-group-exchange-sha256', 'diffie-hellman-group16-sha512', 'diffie-hellman-group18-sha512', 'diffie-hellman-group14-sha256', 'diffie-hellman-group14-sha1'] server key:['ssh-rsa', 'rsa-sha2-512', 'rsa-sha2-256'] client encrypt:['aes128-ctr', 'aes192-ctr', 'aes256-ctr', '3des-cbc'] server encrypt:['aes128-ctr', 'aes192-ctr', 'aes256-ctr', '3des-cbc'] client mac:['hmac-sha2-256', 'hmac-sha2-512', 'hmac-sha1'] server mac:['hmac-sha2-256', 'hmac-sha2-512', 'hmac-sha1'] client compress:['none', 'zlib@openssh.com'] server compress:['none', 'zlib@openssh.com'] client lang:[''] server lang:[''] kex follows?False
DEB [20181123-22:40:30.547] thr=3   paramiko.transport: Kex agreed: ecdh-sha2-nistp256
DEB [20181123-22:40:30.547] thr=3   paramiko.transport: HostKey agreed: ssh-rsa
DEB [20181123-22:40:30.547] thr=3   paramiko.transport: Cipher agreed: aes128-ctr
DEB [20181123-22:40:30.547] thr=3   paramiko.transport: MAC agreed: hmac-sha2-256
DEB [20181123-22:40:30.548] thr=3   paramiko.transport: Compression agreed: none
DEB [20181123-22:40:30.634] thr=1   paramiko.transport: EOF in transport thread
DEB [20181123-22:40:30.664] thr=3   paramiko.transport: kex engine KexNistp256 specified hash_algo <built-in function openssl_sha256>
DEB [20181123-22:40:30.664] thr=3   paramiko.transport: Switch to new keys ...
DEB [20181123-22:40:30.667] thr=2   paramiko.transport: Adding ssh-rsa host key for 172.16.1.201: b'604598cac6e4f25ac3ea8ad67ffe0784'
DEB [20181123-22:40:30.772] thr=3   paramiko.transport: userauth is OK
DEB [20181123-22:40:30.782] thr=3   paramiko.transport: Authentication type (password) not permitted.
DEB [20181123-22:40:30.782] thr=3   paramiko.transport: Allowed methods: ['publickey', 'keyboard-interactive']
DEB [20181123-22:40:30.785] thr=3   paramiko.transport: userauth is OK
INF [20181123-22:40:30.885] thr=3   paramiko.transport: Authentication (keyboard-interactive) successful!
DEB [20181123-22:40:30.887] thr=2   paramiko.transport: [chan 0] Max packet in: 32768 bytes
DEB [20181123-22:40:30.890] thr=3   paramiko.transport: Received global request "hostkeys-00@openssh.com"
DEB [20181123-22:40:30.891] thr=3   paramiko.transport: Rejecting "hostkeys-00@openssh.com" global request from server.
DEB [20181123-22:40:30.931] thr=3   paramiko.transport: [chan 0] Max packet out: 32768 bytes
DEB [20181123-22:40:30.932] thr=3   paramiko.transport: Secsh channel 0 opened.
DEB [20181123-22:40:30.936] thr=3   paramiko.transport: [chan 0] Sesch channel 0 request ok
DEB [20181123-22:40:31.050] thr=3   paramiko.transport: EOF in transport thread
DEB [20181123-22:41:01.079] thr=4   paramiko.transport: starting thread (client mode): 0x9d7772e8
DEB [20181123-22:41:01.080] thr=4   paramiko.transport: Local version/idstring: SSH-2.0-paramiko_2.4.2
DEB [20181123-22:41:01.101] thr=4   paramiko.transport: Remote version/idstring: SSH-2.0-Cisco-1.25
INF [20181123-22:41:01.102] thr=4   paramiko.transport: Connected (version 2.0, client Cisco-1.25)
DEB [20181123-22:41:01.113] thr=4   paramiko.transport: kex algos:['diffie-hellman-group-exchange-sha1', 'diffie-hellman-group14-sha1'] server key:['ssh-rsa'] client encrypt:['aes128-ctr', 'aes192-ctr', 'aes256-ctr', 'aes128-cbc', '3des-cbc', 'aes192-cbc', 'aes256-cbc'] server encrypt:['aes128-ctr', 'aes192-ctr', 'aes256-ctr', 'aes128-cbc', '3des-cbc', 'aes192-cbc', 'aes256-cbc'] client mac:['hmac-sha1', 'hmac-sha1-96'] server mac:['hmac-sha1', 'hmac-sha1-96'] client compress:['none'] server compress:['none'] client lang:[''] server lang:[''] kex follows?False
DEB [20181123-22:41:01.113] thr=4   paramiko.transport: Kex agreed: diffie-hellman-group-exchange-sha1
DEB [20181123-22:41:01.114] thr=4   paramiko.transport: HostKey agreed: ssh-rsa
DEB [20181123-22:41:01.114] thr=4   paramiko.transport: Cipher agreed: aes128-ctr
DEB [20181123-22:41:01.114] thr=4   paramiko.transport: MAC agreed: hmac-sha1
DEB [20181123-22:41:01.114] thr=4   paramiko.transport: Compression agreed: none
DEB [20181123-22:41:01.326] thr=4   paramiko.transport: Got server p (2048 bits)
DEB [20181123-22:41:02.111] thr=4   paramiko.transport: kex engine KexGex specified hash_algo <built-in function openssl_sha1>
DEB [20181123-22:41:02.113] thr=4   paramiko.transport: Switch to new keys ...
DEB [20181123-22:41:02.116] thr=2   paramiko.transport: Adding ssh-rsa host key for 192.168.1.105: b'22d2f93d3a09c19f4c0a51aab0ea92cc'
DEB [20181123-22:41:02.324] thr=4   paramiko.transport: userauth is OK
INF [20181123-22:41:02.358] thr=4   paramiko.transport: Authentication (password) successful!
DEB [20181123-22:41:02.360] thr=2   paramiko.transport: [chan 0] Max packet in: 32768 bytes
DEB [20181123-22:41:02.368] thr=4   paramiko.transport: [chan 0] Max packet out: 4096 bytes
DEB [20181123-22:41:02.368] thr=4   paramiko.transport: Secsh channel 0 opened.
DEB [20181123-22:41:02.375] thr=4   paramiko.transport: [chan 0] Sesch channel 0 request ok
DEB [20181123-22:41:02.382] thr=4   paramiko.transport: [chan 0] Sesch channel 0 request ok
DEB [20181123-22:41:06.953] thr=4   paramiko.transport: EOF in transport thread
DEB [20191102-19:31:08.552] thr=1   paramiko.transport: starting thread (client mode): 0xcc3d0550
DEB [20191102-19:31:08.553] thr=1   paramiko.transport: Local version/idstring: SSH-2.0-paramiko_2.6.0
DEB [20191102-19:31:08.565] thr=1   paramiko.transport: Remote version/idstring: SSH-2.0-OpenSSH_7.9
INF [20191102-19:31:08.566] thr=1   paramiko.transport: Connected (version 2.0, client OpenSSH_7.9)
DEB [20191102-19:31:08.567] thr=1   paramiko.transport: kex algos:['ecdh-sha2-nistp256', 'ecdh-sha2-nistp384', 'ecdh-sha2-nistp521', 'diffie-hellman-group-exchange-sha256', 'diffie-hellman-group16-sha512', 'diffie-hellman-group18-sha512', 'diffie-hellman-group14-sha256', 'diffie-hellman-group14-sha1'] server key:['rsa-sha2-512', 'rsa-sha2-256', 'ssh-rsa'] client encrypt:['aes256-gcm@openssh.com', 'aes128-gcm@openssh.com', 'aes256-ctr', 'aes192-ctr', 'aes128-ctr'] server encrypt:['aes256-gcm@openssh.com', 'aes128-gcm@openssh.com', 'aes256-ctr', 'aes192-ctr', 'aes128-ctr'] client mac:['hmac-sha2-256', 'hmac-sha2-512', 'hmac-sha1'] server mac:['hmac-sha2-256', 'hmac-sha2-512', 'hmac-sha1'] client compress:['none', 'zlib@openssh.com'] server compress:['none', 'zlib@openssh.com'] client lang:[''] server lang:[''] kex follows?False
DEB [20191102-19:31:08.567] thr=1   paramiko.transport: Kex agreed: ecdh-sha2-nistp256
DEB [20191102-19:31:08.567] thr=1   paramiko.transport: HostKey agreed: ssh-rsa
DEB [20191102-19:31:08.567] thr=1   paramiko.transport: Cipher agreed: aes128-ctr
DEB [20191102-19:31:08.567] thr=1   paramiko.transport: MAC agreed: hmac-sha2-256
DEB [20191102-19:31:08.567] thr=1   paramiko.transport: Compression agreed: none
DEB [20191102-19:31:08.572] thr=1   paramiko.transport: kex engine KexNistp256 specified hash_algo <built-in function openssl_sha256>
DEB [20191102-19:31:08.572] thr=1   paramiko.transport: Switch to new keys ...
DEB [20191102-19:31:08.572] thr=2   paramiko.transport: Adding ssh-rsa host key for 192.168.10.100: b'f6875e5d775d42ef58d3c8ca5b169a58'
DEB [20191102-19:31:08.690] thr=1   paramiko.transport: userauth is OK
DEB [20191102-19:31:08.699] thr=1   paramiko.transport: Authentication type (password) not permitted.
DEB [20191102-19:31:08.699] thr=1   paramiko.transport: Allowed methods: ['publickey', 'keyboard-interactive']
DEB [20191102-19:31:08.700] thr=1   paramiko.transport: userauth is OK
INF [20191102-19:31:08.718] thr=1   paramiko.transport: Authentication (keyboard-interactive) successful!
DEB [20191102-19:31:08.719] thr=2   paramiko.transport: [chan 0] Max packet in: 32768 bytes
DEB [20191102-19:31:08.719] thr=1   paramiko.transport: Received global request "hostkeys-00@openssh.com"
DEB [20191102-19:31:08.719] thr=1   paramiko.transport: Rejecting "hostkeys-00@openssh.com" global request from server.
DEB [20191102-19:31:08.760] thr=1   paramiko.transport: [chan 0] Max packet out: 32768 bytes
DEB [20191102-19:31:08.760] thr=1   paramiko.transport: Secsh channel 0 opened.
DEB [20191102-19:31:08.761] thr=1   paramiko.transport: [chan 0] Sesch channel 0 request ok
DEB [20191102-19:31:08.761] thr=1   paramiko.transport: EOF in transport thread
DEB [20191102-19:31:08.764] thr=3   paramiko.transport: starting thread (client mode): 0xcc421b70
DEB [20191102-19:31:08.765] thr=3   paramiko.transport: Local version/idstring: SSH-2.0-paramiko_2.6.0
DEB [20191102-19:31:08.777] thr=3   paramiko.transport: Remote version/idstring: SSH-2.0-OpenSSH_7.9
INF [20191102-19:31:08.777] thr=3   paramiko.transport: Connected (version 2.0, client OpenSSH_7.9)
DEB [20191102-19:31:08.778] thr=3   paramiko.transport: kex algos:['ecdh-sha2-nistp256', 'ecdh-sha2-nistp384', 'ecdh-sha2-nistp521', 'diffie-hellman-group-exchange-sha256', 'diffie-hellman-group16-sha512', 'diffie-hellman-group18-sha512', 'diffie-hellman-group14-sha256', 'diffie-hellman-group14-sha1'] server key:['rsa-sha2-512', 'rsa-sha2-256', 'ssh-rsa'] client encrypt:['aes256-gcm@openssh.com', 'aes128-gcm@openssh.com', 'aes256-ctr', 'aes192-ctr', 'aes128-ctr'] server encrypt:['aes256-gcm@openssh.com', 'aes128-gcm@openssh.com', 'aes256-ctr', 'aes192-ctr', 'aes128-ctr'] client mac:['hmac-sha2-256', 'hmac-sha2-512', 'hmac-sha1'] server mac:['hmac-sha2-256', 'hmac-sha2-512', 'hmac-sha1'] client compress:['none', 'zlib@openssh.com'] server compress:['none', 'zlib@openssh.com'] client lang:[''] server lang:[''] kex follows?False
DEB [20191102-19:31:08.778] thr=3   paramiko.transport: Kex agreed: ecdh-sha2-nistp256
DEB [20191102-19:31:08.778] thr=3   paramiko.transport: HostKey agreed: ssh-rsa
DEB [20191102-19:31:08.778] thr=3   paramiko.transport: Cipher agreed: aes128-ctr
DEB [20191102-19:31:08.778] thr=3   paramiko.transport: MAC agreed: hmac-sha2-256
DEB [20191102-19:31:08.778] thr=3   paramiko.transport: Compression agreed: none
DEB [20191102-19:31:08.784] thr=3   paramiko.transport: kex engine KexNistp256 specified hash_algo <built-in function openssl_sha256>
DEB [20191102-19:31:08.785] thr=3   paramiko.transport: Switch to new keys ...
DEB [20191102-19:31:08.785] thr=2   paramiko.transport: Adding ssh-rsa host key for 192.168.10.100: b'f6875e5d775d42ef58d3c8ca5b169a58'
DEB [20191102-19:31:08.900] thr=3   paramiko.transport: userauth is OK
DEB [20191102-19:31:08.907] thr=3   paramiko.transport: Authentication type (password) not permitted.
DEB [20191102-19:31:08.907] thr=3   paramiko.transport: Allowed methods: ['publickey', 'keyboard-interactive']
DEB [20191102-19:31:08.908] thr=3   paramiko.transport: userauth is OK
INF [20191102-19:31:08.924] thr=3   paramiko.transport: Authentication (keyboard-interactive) successful!
DEB [20191102-19:31:08.924] thr=2   paramiko.transport: [chan 0] Max packet in: 32768 bytes
DEB [20191102-19:31:08.929] thr=3   paramiko.transport: Received global request "hostkeys-00@openssh.com"
DEB [20191102-19:31:08.929] thr=3   paramiko.transport: Rejecting "hostkeys-00@openssh.com" global request from server.
DEB [20191102-19:31:08.970] thr=3   paramiko.transport: [chan 0] Max packet out: 32768 bytes
DEB [20191102-19:31:08.970] thr=3   paramiko.transport: Secsh channel 0 opened.
DEB [20191102-19:31:08.972] thr=3   paramiko.transport: [chan 0] Sesch channel 0 request ok
DEB [20191102-19:31:08.972] thr=3   paramiko.transport: EOF in transport thread
DEB [20191102-19:31:08.986] thr=2   paramiko.transport: [chan 0] EOF sent (0)
DEB [20191102-19:31:08.987] thr=2   paramiko.transport: Dropping user packet because connection is dead.
DEB [20191102-19:31:08.987] thr=2   paramiko.transport: [chan 0] EOF sent (0)
DEB [20191102-19:31:08.987] thr=2   paramiko.transport: Dropping user packet because connection is dead.
DEB [20191102-19:31:35.996] thr=4   paramiko.transport: starting thread (client mode): 0xcc4f2f28
DEB [20191102-19:31:35.996] thr=4   paramiko.transport: Local version/idstring: SSH-2.0-paramiko_2.6.0
DEB [20191102-19:31:36.015] thr=4   paramiko.transport: Remote version/idstring: SSH-1.99-Cisco-1.25
INF [20191102-19:31:36.015] thr=4   paramiko.transport: Connected (version 1.99, client Cisco-1.25)
DEB [20191102-19:31:36.016] thr=4   paramiko.transport: kex algos:['diffie-hellman-group-exchange-sha1', 'diffie-hellman-group14-sha1', 'diffie-hellman-group1-sha1'] server key:['ssh-rsa'] client encrypt:['aes128-ctr', 'aes192-ctr', 'aes256-ctr', 'aes128-cbc', '3des-cbc', 'aes192-cbc', 'aes256-cbc'] server encrypt:['aes128-ctr', 'aes192-ctr', 'aes256-ctr', 'aes128-cbc', '3des-cbc', 'aes192-cbc', 'aes256-cbc'] client mac:['hmac-sha1', 'hmac-sha1-96'] server mac:['hmac-sha1', 'hmac-sha1-96'] client compress:['none'] server compress:['none'] client lang:[''] server lang:[''] kex follows?False
DEB [20191102-19:31:36.016] thr=4   paramiko.transport: Kex agreed: diffie-hellman-group-exchange-sha1
DEB [20191102-19:31:36.016] thr=4   paramiko.transport: HostKey agreed: ssh-rsa
DEB [20191102-19:31:36.016] thr=4   paramiko.transport: Cipher agreed: aes128-ctr
DEB [20191102-19:31:36.016] thr=4   paramiko.transport: MAC agreed: hmac-sha1
DEB [20191102-19:31:36.017] thr=4   paramiko.transport: Compression agreed: none
DEB [20191102-19:31:36.018] thr=4   paramiko.transport: Got server p (2048 bits)
DEB [20191102-19:31:36.076] thr=4   paramiko.transport: kex engine KexGex specified hash_algo <built-in function openssl_sha1>
DEB [20191102-19:31:36.077] thr=4   paramiko.transport: Switch to new keys ...
DEB [20191102-19:31:36.077] thr=2   paramiko.transport: Adding ssh-rsa host key for 192.168.20.5: b'afefaa63516c1e1cfe32c7f55383a1f8'
DEB [20191102-19:31:36.282] thr=4   paramiko.transport: userauth is OK
INF [20191102-19:31:38.291] thr=4   paramiko.transport: Authentication (password) failed.
DEB [20191102-19:31:38.307] thr=4   paramiko.transport: EOF in transport thread
DEB [20191102-19:35:32.227] thr=1   paramiko.transport: starting thread (client mode): 0x2b79e470
DEB [20191102-19:35:32.227] thr=1   paramiko.transport: Local version/idstring: SSH-2.0-paramiko_2.6.0
DEB [20191102-19:35:32.240] thr=1   paramiko.transport: Remote version/idstring: SSH-2.0-OpenSSH_7.9
INF [20191102-19:35:32.240] thr=1   paramiko.transport: Connected (version 2.0, client OpenSSH_7.9)
DEB [20191102-19:35:32.241] thr=1   paramiko.transport: kex algos:['ecdh-sha2-nistp256', 'ecdh-sha2-nistp384', 'ecdh-sha2-nistp521', 'diffie-hellman-group-exchange-sha256', 'diffie-hellman-group16-sha512', 'diffie-hellman-group18-sha512', 'diffie-hellman-group14-sha256', 'diffie-hellman-group14-sha1'] server key:['rsa-sha2-512', 'rsa-sha2-256', 'ssh-rsa'] client encrypt:['aes256-gcm@openssh.com', 'aes128-gcm@openssh.com', 'aes256-ctr', 'aes192-ctr', 'aes128-ctr'] server encrypt:['aes256-gcm@openssh.com', 'aes128-gcm@openssh.com', 'aes256-ctr', 'aes192-ctr', 'aes128-ctr'] client mac:['hmac-sha2-256', 'hmac-sha2-512', 'hmac-sha1'] server mac:['hmac-sha2-256', 'hmac-sha2-512', 'hmac-sha1'] client compress:['none', 'zlib@openssh.com'] server compress:['none', 'zlib@openssh.com'] client lang:[''] server lang:[''] kex follows?False
DEB [20191102-19:35:32.241] thr=1   paramiko.transport: Kex agreed: ecdh-sha2-nistp256
DEB [20191102-19:35:32.241] thr=1   paramiko.transport: HostKey agreed: ssh-rsa
DEB [20191102-19:35:32.241] thr=1   paramiko.transport: Cipher agreed: aes128-ctr
DEB [20191102-19:35:32.241] thr=1   paramiko.transport: MAC agreed: hmac-sha2-256
DEB [20191102-19:35:32.241] thr=1   paramiko.transport: Compression agreed: none
DEB [20191102-19:35:32.246] thr=1   paramiko.transport: kex engine KexNistp256 specified hash_algo <built-in function openssl_sha256>
DEB [20191102-19:35:32.247] thr=1   paramiko.transport: Switch to new keys ...
DEB [20191102-19:35:32.247] thr=2   paramiko.transport: Adding ssh-rsa host key for 192.168.10.100: b'f6875e5d775d42ef58d3c8ca5b169a58'
DEB [20191102-19:35:32.350] thr=1   paramiko.transport: userauth is OK
DEB [20191102-19:35:32.359] thr=1   paramiko.transport: Authentication type (password) not permitted.
DEB [20191102-19:35:32.359] thr=1   paramiko.transport: Allowed methods: ['publickey', 'keyboard-interactive']
DEB [20191102-19:35:32.359] thr=1   paramiko.transport: userauth is OK
INF [20191102-19:35:32.374] thr=1   paramiko.transport: Authentication (keyboard-interactive) successful!
DEB [20191102-19:35:32.375] thr=2   paramiko.transport: [chan 0] Max packet in: 32768 bytes
DEB [20191102-19:35:32.379] thr=1   paramiko.transport: Received global request "hostkeys-00@openssh.com"
DEB [20191102-19:35:32.379] thr=1   paramiko.transport: Rejecting "hostkeys-00@openssh.com" global request from server.
DEB [20191102-19:35:32.419] thr=1   paramiko.transport: [chan 0] Max packet out: 32768 bytes
DEB [20191102-19:35:32.419] thr=1   paramiko.transport: Secsh channel 0 opened.
DEB [20191102-19:35:32.422] thr=1   paramiko.transport: [chan 0] Sesch channel 0 request ok
DEB [20191102-19:35:32.422] thr=1   paramiko.transport: EOF in transport thread
DEB [20191102-19:35:32.425] thr=3   paramiko.transport: starting thread (client mode): 0x2b81db70
DEB [20191102-19:35:32.425] thr=3   paramiko.transport: Local version/idstring: SSH-2.0-paramiko_2.6.0
DEB [20191102-19:35:32.439] thr=3   paramiko.transport: Remote version/idstring: SSH-2.0-OpenSSH_7.9
INF [20191102-19:35:32.439] thr=3   paramiko.transport: Connected (version 2.0, client OpenSSH_7.9)
DEB [20191102-19:35:32.441] thr=3   paramiko.transport: kex algos:['ecdh-sha2-nistp256', 'ecdh-sha2-nistp384', 'ecdh-sha2-nistp521', 'diffie-hellman-group-exchange-sha256', 'diffie-hellman-group16-sha512', 'diffie-hellman-group18-sha512', 'diffie-hellman-group14-sha256', 'diffie-hellman-group14-sha1'] server key:['rsa-sha2-512', 'rsa-sha2-256', 'ssh-rsa'] client encrypt:['aes256-gcm@openssh.com', 'aes128-gcm@openssh.com', 'aes256-ctr', 'aes192-ctr', 'aes128-ctr'] server encrypt:['aes256-gcm@openssh.com', 'aes128-gcm@openssh.com', 'aes256-ctr', 'aes192-ctr', 'aes128-ctr'] client mac:['hmac-sha2-256', 'hmac-sha2-512', 'hmac-sha1'] server mac:['hmac-sha2-256', 'hmac-sha2-512', 'hmac-sha1'] client compress:['none', 'zlib@openssh.com'] server compress:['none', 'zlib@openssh.com'] client lang:[''] server lang:[''] kex follows?False
DEB [20191102-19:35:32.441] thr=3   paramiko.transport: Kex agreed: ecdh-sha2-nistp256
DEB [20191102-19:35:32.441] thr=3   paramiko.transport: HostKey agreed: ssh-rsa
DEB [20191102-19:35:32.441] thr=3   paramiko.transport: Cipher agreed: aes128-ctr
DEB [20191102-19:35:32.441] thr=3   paramiko.transport: MAC agreed: hmac-sha2-256
DEB [20191102-19:35:32.442] thr=3   paramiko.transport: Compression agreed: none
DEB [20191102-19:35:32.447] thr=3   paramiko.transport: kex engine KexNistp256 specified hash_algo <built-in function openssl_sha256>
DEB [20191102-19:35:32.447] thr=3   paramiko.transport: Switch to new keys ...
DEB [20191102-19:35:32.447] thr=2   paramiko.transport: Adding ssh-rsa host key for 192.168.10.100: b'f6875e5d775d42ef58d3c8ca5b169a58'
DEB [20191102-19:35:32.560] thr=3   paramiko.transport: userauth is OK
DEB [20191102-19:35:32.568] thr=3   paramiko.transport: Authentication type (password) not permitted.
DEB [20191102-19:35:32.569] thr=3   paramiko.transport: Allowed methods: ['publickey', 'keyboard-interactive']
DEB [20191102-19:35:32.569] thr=2   paramiko.transport: [chan 0] EOF sent (0)
DEB [20191102-19:35:32.569] thr=2   paramiko.transport: Dropping user packet because connection is dead.
DEB [20191102-19:35:32.570] thr=3   paramiko.transport: userauth is OK
INF [20191102-19:35:32.587] thr=3   paramiko.transport: Authentication (keyboard-interactive) successful!
DEB [20191102-19:35:32.587] thr=2   paramiko.transport: [chan 0] Max packet in: 32768 bytes
DEB [20191102-19:35:32.590] thr=3   paramiko.transport: Received global request "hostkeys-00@openssh.com"
DEB [20191102-19:35:32.590] thr=3   paramiko.transport: Rejecting "hostkeys-00@openssh.com" global request from server.
DEB [20191102-19:35:32.631] thr=3   paramiko.transport: [chan 0] Max packet out: 32768 bytes
DEB [20191102-19:35:32.631] thr=3   paramiko.transport: Secsh channel 0 opened.
DEB [20191102-19:35:32.632] thr=3   paramiko.transport: [chan 0] Sesch channel 0 request ok
DEB [20191102-19:35:32.633] thr=3   paramiko.transport: EOF in transport thread
DEB [20191102-19:35:32.658] thr=2   paramiko.transport: [chan 0] EOF sent (0)
DEB [20191102-19:35:32.658] thr=2   paramiko.transport: Dropping user packet because connection is dead.
DEB [20191102-19:35:59.557] thr=4   paramiko.transport: starting thread (client mode): 0x2b8d96d8
DEB [20191102-19:35:59.557] thr=4   paramiko.transport: Local version/idstring: SSH-2.0-paramiko_2.6.0
DEB [20191102-19:35:59.609] thr=4   paramiko.transport: Remote version/idstring: SSH-1.99-Cisco-1.25
INF [20191102-19:35:59.609] thr=4   paramiko.transport: Connected (version 1.99, client Cisco-1.25)
DEB [20191102-19:35:59.610] thr=4   paramiko.transport: kex algos:['diffie-hellman-group-exchange-sha1', 'diffie-hellman-group14-sha1', 'diffie-hellman-group1-sha1'] server key:['ssh-rsa'] client encrypt:['aes128-ctr', 'aes192-ctr', 'aes256-ctr', 'aes128-cbc', '3des-cbc', 'aes192-cbc', 'aes256-cbc'] server encrypt:['aes128-ctr', 'aes192-ctr', 'aes256-ctr', 'aes128-cbc', '3des-cbc', 'aes192-cbc', 'aes256-cbc'] client mac:['hmac-sha1', 'hmac-sha1-96'] server mac:['hmac-sha1', 'hmac-sha1-96'] client compress:['none'] server compress:['none'] client lang:[''] server lang:[''] kex follows?False
DEB [20191102-19:35:59.610] thr=4   paramiko.transport: Kex agreed: diffie-hellman-group-exchange-sha1
DEB [20191102-19:35:59.610] thr=4   paramiko.transport: HostKey agreed: ssh-rsa
DEB [20191102-19:35:59.610] thr=4   paramiko.transport: Cipher agreed: aes128-ctr
DEB [20191102-19:35:59.610] thr=4   paramiko.transport: MAC agreed: hmac-sha1
DEB [20191102-19:35:59.610] thr=4   paramiko.transport: Compression agreed: none
DEB [20191102-19:35:59.611] thr=4   paramiko.transport: Got server p (2048 bits)
DEB [20191102-19:35:59.696] thr=4   paramiko.transport: kex engine KexGex specified hash_algo <built-in function openssl_sha1>
DEB [20191102-19:35:59.697] thr=4   paramiko.transport: Switch to new keys ...
DEB [20191102-19:35:59.697] thr=2   paramiko.transport: Adding ssh-rsa host key for 192.168.20.5: b'afefaa63516c1e1cfe32c7f55383a1f8'
DEB [20191102-19:35:59.905] thr=4   paramiko.transport: userauth is OK
INF [20191102-19:35:59.906] thr=4   paramiko.transport: Authentication (password) successful!
DEB [20191102-19:35:59.906] thr=2   paramiko.transport: [chan 0] Max packet in: 32768 bytes
DEB [20191102-19:35:59.907] thr=4   paramiko.transport: [chan 0] Max packet out: 4096 bytes
DEB [20191102-19:35:59.907] thr=4   paramiko.transport: Secsh channel 0 opened.
DEB [20191102-19:35:59.908] thr=4   paramiko.transport: [chan 0] Sesch channel 0 request ok
DEB [20191102-19:35:59.909] thr=4   paramiko.transport: [chan 0] Sesch channel 0 request ok
DEB [20191102-19:36:07.917] thr=4   paramiko.transport: EOF in transport thread
DEB [20191102-20:01:13.396] thr=1   paramiko.transport: starting thread (client mode): 0xf100d6a0
DEB [20191102-20:01:13.397] thr=1   paramiko.transport: Local version/idstring: SSH-2.0-paramiko_2.6.0
DEB [20191102-20:01:13.409] thr=1   paramiko.transport: Remote version/idstring: SSH-2.0-OpenSSH_7.9
INF [20191102-20:01:13.409] thr=1   paramiko.transport: Connected (version 2.0, client OpenSSH_7.9)
DEB [20191102-20:01:13.410] thr=1   paramiko.transport: kex algos:['ecdh-sha2-nistp256', 'ecdh-sha2-nistp384', 'ecdh-sha2-nistp521', 'diffie-hellman-group-exchange-sha256', 'diffie-hellman-group16-sha512', 'diffie-hellman-group18-sha512', 'diffie-hellman-group14-sha256', 'diffie-hellman-group14-sha1'] server key:['rsa-sha2-512', 'rsa-sha2-256', 'ssh-rsa'] client encrypt:['aes256-gcm@openssh.com', 'aes128-gcm@openssh.com', 'aes256-ctr', 'aes192-ctr', 'aes128-ctr'] server encrypt:['aes256-gcm@openssh.com', 'aes128-gcm@openssh.com', 'aes256-ctr', 'aes192-ctr', 'aes128-ctr'] client mac:['hmac-sha2-256', 'hmac-sha2-512', 'hmac-sha1'] server mac:['hmac-sha2-256', 'hmac-sha2-512', 'hmac-sha1'] client compress:['none', 'zlib@openssh.com'] server compress:['none', 'zlib@openssh.com'] client lang:[''] server lang:[''] kex follows?False
DEB [20191102-20:01:13.410] thr=1   paramiko.transport: Kex agreed: ecdh-sha2-nistp256
DEB [20191102-20:01:13.410] thr=1   paramiko.transport: HostKey agreed: ssh-rsa
DEB [20191102-20:01:13.410] thr=1   paramiko.transport: Cipher agreed: aes128-ctr
DEB [20191102-20:01:13.410] thr=1   paramiko.transport: MAC agreed: hmac-sha2-256
DEB [20191102-20:01:13.410] thr=1   paramiko.transport: Compression agreed: none
DEB [20191102-20:01:13.416] thr=1   paramiko.transport: kex engine KexNistp256 specified hash_algo <built-in function openssl_sha256>
DEB [20191102-20:01:13.416] thr=1   paramiko.transport: Switch to new keys ...
DEB [20191102-20:01:13.416] thr=2   paramiko.transport: Adding ssh-rsa host key for 192.168.10.100: b'f6875e5d775d42ef58d3c8ca5b169a58'
DEB [20191102-20:01:13.530] thr=1   paramiko.transport: userauth is OK
DEB [20191102-20:01:13.539] thr=1   paramiko.transport: Authentication type (password) not permitted.
DEB [20191102-20:01:13.539] thr=1   paramiko.transport: Allowed methods: ['publickey', 'keyboard-interactive']
DEB [20191102-20:01:13.540] thr=1   paramiko.transport: userauth is OK
INF [20191102-20:01:13.558] thr=1   paramiko.transport: Authentication (keyboard-interactive) successful!
DEB [20191102-20:01:13.558] thr=2   paramiko.transport: [chan 0] Max packet in: 32768 bytes
DEB [20191102-20:01:13.563] thr=1   paramiko.transport: Received global request "hostkeys-00@openssh.com"
DEB [20191102-20:01:13.563] thr=1   paramiko.transport: Rejecting "hostkeys-00@openssh.com" global request from server.
DEB [20191102-20:01:13.603] thr=1   paramiko.transport: [chan 0] Max packet out: 32768 bytes
DEB [20191102-20:01:13.603] thr=1   paramiko.transport: Secsh channel 0 opened.
DEB [20191102-20:01:13.605] thr=1   paramiko.transport: [chan 0] Sesch channel 0 request ok
DEB [20191102-20:01:13.605] thr=1   paramiko.transport: EOF in transport thread
DEB [20191102-20:01:13.608] thr=3   paramiko.transport: starting thread (client mode): 0xf108ca90
DEB [20191102-20:01:13.608] thr=3   paramiko.transport: Local version/idstring: SSH-2.0-paramiko_2.6.0
DEB [20191102-20:01:13.621] thr=3   paramiko.transport: Remote version/idstring: SSH-2.0-OpenSSH_7.9
INF [20191102-20:01:13.621] thr=3   paramiko.transport: Connected (version 2.0, client OpenSSH_7.9)
DEB [20191102-20:01:13.622] thr=3   paramiko.transport: kex algos:['ecdh-sha2-nistp256', 'ecdh-sha2-nistp384', 'ecdh-sha2-nistp521', 'diffie-hellman-group-exchange-sha256', 'diffie-hellman-group16-sha512', 'diffie-hellman-group18-sha512', 'diffie-hellman-group14-sha256', 'diffie-hellman-group14-sha1'] server key:['rsa-sha2-512', 'rsa-sha2-256', 'ssh-rsa'] client encrypt:['aes256-gcm@openssh.com', 'aes128-gcm@openssh.com', 'aes256-ctr', 'aes192-ctr', 'aes128-ctr'] server encrypt:['aes256-gcm@openssh.com', 'aes128-gcm@openssh.com', 'aes256-ctr', 'aes192-ctr', 'aes128-ctr'] client mac:['hmac-sha2-256', 'hmac-sha2-512', 'hmac-sha1'] server mac:['hmac-sha2-256', 'hmac-sha2-512', 'hmac-sha1'] client compress:['none', 'zlib@openssh.com'] server compress:['none', 'zlib@openssh.com'] client lang:[''] server lang:[''] kex follows?False
DEB [20191102-20:01:13.622] thr=3   paramiko.transport: Kex agreed: ecdh-sha2-nistp256
DEB [20191102-20:01:13.622] thr=3   paramiko.transport: HostKey agreed: ssh-rsa
DEB [20191102-20:01:13.623] thr=3   paramiko.transport: Cipher agreed: aes128-ctr
DEB [20191102-20:01:13.623] thr=3   paramiko.transport: MAC agreed: hmac-sha2-256
DEB [20191102-20:01:13.623] thr=3   paramiko.transport: Compression agreed: none
DEB [20191102-20:01:13.628] thr=3   paramiko.transport: kex engine KexNistp256 specified hash_algo <built-in function openssl_sha256>
DEB [20191102-20:01:13.628] thr=3   paramiko.transport: Switch to new keys ...
DEB [20191102-20:01:13.628] thr=2   paramiko.transport: Adding ssh-rsa host key for 192.168.10.100: b'f6875e5d775d42ef58d3c8ca5b169a58'
DEB [20191102-20:01:13.740] thr=3   paramiko.transport: userauth is OK
DEB [20191102-20:01:13.749] thr=3   paramiko.transport: Authentication type (password) not permitted.
DEB [20191102-20:01:13.749] thr=3   paramiko.transport: Allowed methods: ['publickey', 'keyboard-interactive']
DEB [20191102-20:01:13.749] thr=2   paramiko.transport: [chan 0] EOF sent (0)
DEB [20191102-20:01:13.750] thr=2   paramiko.transport: Dropping user packet because connection is dead.
DEB [20191102-20:01:13.750] thr=3   paramiko.transport: userauth is OK
INF [20191102-20:01:13.764] thr=3   paramiko.transport: Authentication (keyboard-interactive) successful!
DEB [20191102-20:01:13.764] thr=2   paramiko.transport: [chan 0] Max packet in: 32768 bytes
DEB [20191102-20:01:13.768] thr=3   paramiko.transport: Received global request "hostkeys-00@openssh.com"
DEB [20191102-20:01:13.769] thr=3   paramiko.transport: Rejecting "hostkeys-00@openssh.com" global request from server.
DEB [20191102-20:01:13.809] thr=3   paramiko.transport: [chan 0] Max packet out: 32768 bytes
DEB [20191102-20:01:13.809] thr=3   paramiko.transport: Secsh channel 0 opened.
DEB [20191102-20:01:13.811] thr=3   paramiko.transport: [chan 0] Sesch channel 0 request ok
DEB [20191102-20:01:13.812] thr=3   paramiko.transport: EOF in transport thread
DEB [20191102-20:01:13.840] thr=2   paramiko.transport: [chan 0] EOF sent (0)
DEB [20191102-20:01:13.840] thr=2   paramiko.transport: Dropping user packet because connection is dead.
DEB [20191102-20:02:26.139] thr=4   paramiko.transport: starting thread (client mode): 0xf0a6a1d0
DEB [20191102-20:02:26.139] thr=4   paramiko.transport: Local version/idstring: SSH-2.0-paramiko_2.6.0
DEB [20191102-20:02:26.148] thr=4   paramiko.transport: Remote version/idstring: SSH-1.99-Cisco-1.25
INF [20191102-20:02:26.149] thr=4   paramiko.transport: Connected (version 1.99, client Cisco-1.25)
DEB [20191102-20:02:26.150] thr=4   paramiko.transport: kex algos:['diffie-hellman-group-exchange-sha1', 'diffie-hellman-group14-sha1', 'diffie-hellman-group1-sha1'] server key:['ssh-rsa'] client encrypt:['aes128-ctr', 'aes192-ctr', 'aes256-ctr', 'aes128-cbc', '3des-cbc', 'aes192-cbc', 'aes256-cbc'] server encrypt:['aes128-ctr', 'aes192-ctr', 'aes256-ctr', 'aes128-cbc', '3des-cbc', 'aes192-cbc', 'aes256-cbc'] client mac:['hmac-sha1', 'hmac-sha1-96'] server mac:['hmac-sha1', 'hmac-sha1-96'] client compress:['none'] server compress:['none'] client lang:[''] server lang:[''] kex follows?False
DEB [20191102-20:02:26.150] thr=4   paramiko.transport: Kex agreed: diffie-hellman-group-exchange-sha1
DEB [20191102-20:02:26.150] thr=4   paramiko.transport: HostKey agreed: ssh-rsa
DEB [20191102-20:02:26.150] thr=4   paramiko.transport: Cipher agreed: aes128-ctr
DEB [20191102-20:02:26.150] thr=4   paramiko.transport: MAC agreed: hmac-sha1
DEB [20191102-20:02:26.150] thr=4   paramiko.transport: Compression agreed: none
DEB [20191102-20:02:26.151] thr=4   paramiko.transport: Got server p (2048 bits)
DEB [20191102-20:02:26.211] thr=4   paramiko.transport: kex engine KexGex specified hash_algo <built-in function openssl_sha1>
DEB [20191102-20:02:26.212] thr=4   paramiko.transport: Switch to new keys ...
DEB [20191102-20:02:26.212] thr=2   paramiko.transport: Adding ssh-rsa host key for 192.168.20.5: b'afefaa63516c1e1cfe32c7f55383a1f8'
DEB [20191102-20:02:26.416] thr=4   paramiko.transport: userauth is OK
INF [20191102-20:02:26.417] thr=4   paramiko.transport: Authentication (password) successful!
DEB [20191102-20:02:26.418] thr=2   paramiko.transport: [chan 0] Max packet in: 32768 bytes
DEB [20191102-20:02:26.419] thr=4   paramiko.transport: [chan 0] Max packet out: 4096 bytes
DEB [20191102-20:02:26.419] thr=4   paramiko.transport: Secsh channel 0 opened.
DEB [20191102-20:02:26.420] thr=4   paramiko.transport: [chan 0] Sesch channel 0 request ok
DEB [20191102-20:02:26.421] thr=4   paramiko.transport: [chan 0] Sesch channel 0 request ok
DEB [20191102-20:02:34.420] thr=4   paramiko.transport: EOF in transport thread
