DEB [20191102-17:37:42.218] thr=1   paramiko.transport: starting thread (client mode): 0xd03d9240
DEB [20191102-17:37:42.218] thr=1   paramiko.transport: Local version/idstring: SSH-2.0-paramiko_2.6.0
DEB [20191102-17:37:42.233] thr=1   paramiko.transport: Remote version/idstring: SSH-2.0-OpenSSH_7.9
INF [20191102-17:37:42.234] thr=1   paramiko.transport: Connected (version 2.0, client OpenSSH_7.9)
DEB [20191102-17:37:42.235] thr=1   paramiko.transport: kex algos:['ecdh-sha2-nistp256', 'ecdh-sha2-nistp384', 'ecdh-sha2-nistp521', 'diffie-hellman-group-exchange-sha256', 'diffie-hellman-group16-sha512', 'diffie-hellman-group18-sha512', 'diffie-hellman-group14-sha256', 'diffie-hellman-group14-sha1'] server key:['rsa-sha2-512', 'rsa-sha2-256', 'ssh-rsa'] client encrypt:['aes256-gcm@openssh.com', 'aes128-gcm@openssh.com', 'aes256-ctr', 'aes192-ctr', 'aes128-ctr'] server encrypt:['aes256-gcm@openssh.com', 'aes128-gcm@openssh.com', 'aes256-ctr', 'aes192-ctr', 'aes128-ctr'] client mac:['hmac-sha2-256', 'hmac-sha2-512', 'hmac-sha1'] server mac:['hmac-sha2-256', 'hmac-sha2-512', 'hmac-sha1'] client compress:['none', 'zlib@openssh.com'] server compress:['none', 'zlib@openssh.com'] client lang:[''] server lang:[''] kex follows?False
DEB [20191102-17:37:42.235] thr=1   paramiko.transport: Kex agreed: ecdh-sha2-nistp256
DEB [20191102-17:37:42.235] thr=1   paramiko.transport: HostKey agreed: ssh-rsa
DEB [20191102-17:37:42.235] thr=1   paramiko.transport: Cipher agreed: aes128-ctr
DEB [20191102-17:37:42.235] thr=1   paramiko.transport: MAC agreed: hmac-sha2-256
DEB [20191102-17:37:42.235] thr=1   paramiko.transport: Compression agreed: none
DEB [20191102-17:37:42.242] thr=1   paramiko.transport: kex engine KexNistp256 specified hash_algo <built-in function openssl_sha256>
DEB [20191102-17:37:42.242] thr=1   paramiko.transport: Switch to new keys ...
DEB [20191102-17:37:42.243] thr=2   paramiko.transport: Adding ssh-rsa host key for 192.168.10.100: b'f6875e5d775d42ef58d3c8ca5b169a58'
DEB [20191102-17:37:42.361] thr=1   paramiko.transport: userauth is OK
DEB [20191102-17:37:42.370] thr=1   paramiko.transport: Authentication type (password) not permitted.
DEB [20191102-17:37:42.370] thr=1   paramiko.transport: Allowed methods: ['publickey', 'keyboard-interactive']
DEB [20191102-17:37:42.372] thr=1   paramiko.transport: userauth is OK
INF [20191102-17:37:42.384] thr=1   paramiko.transport: Authentication (keyboard-interactive) successful!
DEB [20191102-17:37:42.384] thr=2   paramiko.transport: [chan 0] Max packet in: 32768 bytes
DEB [20191102-17:37:42.386] thr=1   paramiko.transport: Received global request "hostkeys-00@openssh.com"
DEB [20191102-17:37:42.386] thr=1   paramiko.transport: Rejecting "hostkeys-00@openssh.com" global request from server.
DEB [20191102-17:37:42.427] thr=1   paramiko.transport: [chan 0] Max packet out: 32768 bytes
DEB [20191102-17:37:42.427] thr=1   paramiko.transport: Secsh channel 0 opened.
DEB [20191102-17:37:42.429] thr=1   paramiko.transport: [chan 0] Sesch channel 0 request ok
DEB [20191102-17:37:42.429] thr=1   paramiko.transport: EOF in transport thread
DEB [20191102-17:37:42.438] thr=2   paramiko.transport: [chan 0] EOF sent (0)
DEB [20191102-17:37:42.438] thr=2   paramiko.transport: Dropping user packet because connection is dead.
DEB [20191102-17:38:03.762] thr=1   paramiko.transport: starting thread (client mode): 0x63d46cf8
DEB [20191102-17:38:03.762] thr=1   paramiko.transport: Local version/idstring: SSH-2.0-paramiko_2.6.0
DEB [20191102-17:38:03.776] thr=1   paramiko.transport: Remote version/idstring: SSH-2.0-OpenSSH_7.9
INF [20191102-17:38:03.776] thr=1   paramiko.transport: Connected (version 2.0, client OpenSSH_7.9)
DEB [20191102-17:38:03.777] thr=1   paramiko.transport: kex algos:['ecdh-sha2-nistp256', 'ecdh-sha2-nistp384', 'ecdh-sha2-nistp521', 'diffie-hellman-group-exchange-sha256', 'diffie-hellman-group16-sha512', 'diffie-hellman-group18-sha512', 'diffie-hellman-group14-sha256', 'diffie-hellman-group14-sha1'] server key:['rsa-sha2-512', 'rsa-sha2-256', 'ssh-rsa'] client encrypt:['aes256-gcm@openssh.com', 'aes128-gcm@openssh.com', 'aes256-ctr', 'aes192-ctr', 'aes128-ctr'] server encrypt:['aes256-gcm@openssh.com', 'aes128-gcm@openssh.com', 'aes256-ctr', 'aes192-ctr', 'aes128-ctr'] client mac:['hmac-sha2-256', 'hmac-sha2-512', 'hmac-sha1'] server mac:['hmac-sha2-256', 'hmac-sha2-512', 'hmac-sha1'] client compress:['none', 'zlib@openssh.com'] server compress:['none', 'zlib@openssh.com'] client lang:[''] server lang:[''] kex follows?False
DEB [20191102-17:38:03.777] thr=1   paramiko.transport: Kex agreed: ecdh-sha2-nistp256
DEB [20191102-17:38:03.777] thr=1   paramiko.transport: HostKey agreed: ssh-rsa
DEB [20191102-17:38:03.778] thr=1   paramiko.transport: Cipher agreed: aes128-ctr
DEB [20191102-17:38:03.778] thr=1   paramiko.transport: MAC agreed: hmac-sha2-256
DEB [20191102-17:38:03.778] thr=1   paramiko.transport: Compression agreed: none
DEB [20191102-17:38:03.783] thr=1   paramiko.transport: kex engine KexNistp256 specified hash_algo <built-in function openssl_sha256>
DEB [20191102-17:38:03.783] thr=1   paramiko.transport: Switch to new keys ...
DEB [20191102-17:38:03.784] thr=2   paramiko.transport: Adding ssh-rsa host key for 192.168.10.100: b'f6875e5d775d42ef58d3c8ca5b169a58'
DEB [20191102-17:38:03.901] thr=1   paramiko.transport: userauth is OK
DEB [20191102-17:38:03.909] thr=1   paramiko.transport: Authentication type (password) not permitted.
DEB [20191102-17:38:03.910] thr=1   paramiko.transport: Allowed methods: ['publickey', 'keyboard-interactive']
DEB [20191102-17:38:03.910] thr=1   paramiko.transport: userauth is OK
INF [20191102-17:38:03.929] thr=1   paramiko.transport: Authentication (keyboard-interactive) successful!
DEB [20191102-17:38:03.929] thr=2   paramiko.transport: [chan 0] Max packet in: 32768 bytes
DEB [20191102-17:38:03.930] thr=1   paramiko.transport: Received global request "hostkeys-00@openssh.com"
DEB [20191102-17:38:03.930] thr=1   paramiko.transport: Rejecting "hostkeys-00@openssh.com" global request from server.
DEB [20191102-17:38:03.970] thr=1   paramiko.transport: [chan 0] Max packet out: 32768 bytes
DEB [20191102-17:38:03.970] thr=1   paramiko.transport: Secsh channel 0 opened.
DEB [20191102-17:38:03.972] thr=1   paramiko.transport: [chan 0] Sesch channel 0 request ok
DEB [20191102-17:38:03.972] thr=1   paramiko.transport: EOF in transport thread
DEB [20191102-17:38:03.981] thr=2   paramiko.transport: [chan 0] EOF sent (0)
DEB [20191102-17:38:03.982] thr=2   paramiko.transport: Dropping user packet because connection is dead.
DEB [20191102-17:41:32.049] thr=1   paramiko.transport: starting thread (client mode): 0xffe16eb8
DEB [20191102-17:41:32.049] thr=1   paramiko.transport: Local version/idstring: SSH-2.0-paramiko_2.6.0
DEB [20191102-17:41:32.064] thr=1   paramiko.transport: Remote version/idstring: SSH-2.0-OpenSSH_7.9
INF [20191102-17:41:32.064] thr=1   paramiko.transport: Connected (version 2.0, client OpenSSH_7.9)
DEB [20191102-17:41:32.065] thr=1   paramiko.transport: kex algos:['ecdh-sha2-nistp256', 'ecdh-sha2-nistp384', 'ecdh-sha2-nistp521', 'diffie-hellman-group-exchange-sha256', 'diffie-hellman-group16-sha512', 'diffie-hellman-group18-sha512', 'diffie-hellman-group14-sha256', 'diffie-hellman-group14-sha1'] server key:['rsa-sha2-512', 'rsa-sha2-256', 'ssh-rsa'] client encrypt:['aes256-gcm@openssh.com', 'aes128-gcm@openssh.com', 'aes256-ctr', 'aes192-ctr', 'aes128-ctr'] server encrypt:['aes256-gcm@openssh.com', 'aes128-gcm@openssh.com', 'aes256-ctr', 'aes192-ctr', 'aes128-ctr'] client mac:['hmac-sha2-256', 'hmac-sha2-512', 'hmac-sha1'] server mac:['hmac-sha2-256', 'hmac-sha2-512', 'hmac-sha1'] client compress:['none', 'zlib@openssh.com'] server compress:['none', 'zlib@openssh.com'] client lang:[''] server lang:[''] kex follows?False
DEB [20191102-17:41:32.065] thr=1   paramiko.transport: Kex agreed: ecdh-sha2-nistp256
DEB [20191102-17:41:32.065] thr=1   paramiko.transport: HostKey agreed: ssh-rsa
DEB [20191102-17:41:32.065] thr=1   paramiko.transport: Cipher agreed: aes128-ctr
DEB [20191102-17:41:32.065] thr=1   paramiko.transport: MAC agreed: hmac-sha2-256
DEB [20191102-17:41:32.065] thr=1   paramiko.transport: Compression agreed: none
DEB [20191102-17:41:32.070] thr=1   paramiko.transport: kex engine KexNistp256 specified hash_algo <built-in function openssl_sha256>
DEB [20191102-17:41:32.071] thr=1   paramiko.transport: Switch to new keys ...
DEB [20191102-17:41:32.071] thr=2   paramiko.transport: Adding ssh-rsa host key for 192.168.10.100: b'f6875e5d775d42ef58d3c8ca5b169a58'
DEB [20191102-17:41:32.181] thr=1   paramiko.transport: userauth is OK
DEB [20191102-17:41:32.190] thr=1   paramiko.transport: Authentication type (password) not permitted.
DEB [20191102-17:41:32.190] thr=1   paramiko.transport: Allowed methods: ['publickey', 'keyboard-interactive']
DEB [20191102-17:41:32.191] thr=1   paramiko.transport: userauth is OK
INF [20191102-17:41:32.208] thr=1   paramiko.transport: Authentication (keyboard-interactive) successful!
DEB [20191102-17:41:32.208] thr=2   paramiko.transport: [chan 0] Max packet in: 32768 bytes
DEB [20191102-17:41:32.209] thr=1   paramiko.transport: Received global request "hostkeys-00@openssh.com"
DEB [20191102-17:41:32.210] thr=1   paramiko.transport: Rejecting "hostkeys-00@openssh.com" global request from server.
DEB [20191102-17:41:32.250] thr=1   paramiko.transport: [chan 0] Max packet out: 32768 bytes
DEB [20191102-17:41:32.250] thr=1   paramiko.transport: Secsh channel 0 opened.
DEB [20191102-17:41:32.252] thr=1   paramiko.transport: [chan 0] Sesch channel 0 request ok
DEB [20191102-17:41:32.252] thr=1   paramiko.transport: EOF in transport thread
DEB [20191102-17:41:32.261] thr=2   paramiko.transport: [chan 0] EOF sent (0)
DEB [20191102-17:41:32.261] thr=2   paramiko.transport: Dropping user packet because connection is dead.
DEB [20191102-17:41:43.546] thr=1   paramiko.transport: starting thread (client mode): 0xf0acd6a0
DEB [20191102-17:41:43.547] thr=1   paramiko.transport: Local version/idstring: SSH-2.0-paramiko_2.6.0
DEB [20191102-17:41:43.562] thr=1   paramiko.transport: Remote version/idstring: SSH-2.0-OpenSSH_7.9
INF [20191102-17:41:43.562] thr=1   paramiko.transport: Connected (version 2.0, client OpenSSH_7.9)
DEB [20191102-17:41:43.564] thr=1   paramiko.transport: kex algos:['ecdh-sha2-nistp256', 'ecdh-sha2-nistp384', 'ecdh-sha2-nistp521', 'diffie-hellman-group-exchange-sha256', 'diffie-hellman-group16-sha512', 'diffie-hellman-group18-sha512', 'diffie-hellman-group14-sha256', 'diffie-hellman-group14-sha1'] server key:['rsa-sha2-512', 'rsa-sha2-256', 'ssh-rsa'] client encrypt:['aes256-gcm@openssh.com', 'aes128-gcm@openssh.com', 'aes256-ctr', 'aes192-ctr', 'aes128-ctr'] server encrypt:['aes256-gcm@openssh.com', 'aes128-gcm@openssh.com', 'aes256-ctr', 'aes192-ctr', 'aes128-ctr'] client mac:['hmac-sha2-256', 'hmac-sha2-512', 'hmac-sha1'] server mac:['hmac-sha2-256', 'hmac-sha2-512', 'hmac-sha1'] client compress:['none', 'zlib@openssh.com'] server compress:['none', 'zlib@openssh.com'] client lang:[''] server lang:[''] kex follows?False
DEB [20191102-17:41:43.564] thr=1   paramiko.transport: Kex agreed: ecdh-sha2-nistp256
DEB [20191102-17:41:43.564] thr=1   paramiko.transport: HostKey agreed: ssh-rsa
DEB [20191102-17:41:43.564] thr=1   paramiko.transport: Cipher agreed: aes128-ctr
DEB [20191102-17:41:43.564] thr=1   paramiko.transport: MAC agreed: hmac-sha2-256
DEB [20191102-17:41:43.564] thr=1   paramiko.transport: Compression agreed: none
DEB [20191102-17:41:43.570] thr=1   paramiko.transport: kex engine KexNistp256 specified hash_algo <built-in function openssl_sha256>
DEB [20191102-17:41:43.571] thr=1   paramiko.transport: Switch to new keys ...
DEB [20191102-17:41:43.571] thr=2   paramiko.transport: Adding ssh-rsa host key for 192.168.10.100: b'f6875e5d775d42ef58d3c8ca5b169a58'
DEB [20191102-17:41:43.691] thr=1   paramiko.transport: userauth is OK
DEB [20191102-17:41:43.699] thr=1   paramiko.transport: Authentication type (password) not permitted.
DEB [20191102-17:41:43.700] thr=1   paramiko.transport: Allowed methods: ['publickey', 'keyboard-interactive']
DEB [20191102-17:41:43.701] thr=1   paramiko.transport: userauth is OK
INF [20191102-17:41:43.726] thr=1   paramiko.transport: Authentication (keyboard-interactive) successful!
DEB [20191102-17:41:43.726] thr=2   paramiko.transport: [chan 0] Max packet in: 32768 bytes
DEB [20191102-17:41:43.729] thr=1   paramiko.transport: Received global request "hostkeys-00@openssh.com"
DEB [20191102-17:41:43.729] thr=1   paramiko.transport: Rejecting "hostkeys-00@openssh.com" global request from server.
DEB [20191102-17:41:43.769] thr=1   paramiko.transport: [chan 0] Max packet out: 32768 bytes
DEB [20191102-17:41:43.769] thr=1   paramiko.transport: Secsh channel 0 opened.
DEB [20191102-17:41:43.771] thr=1   paramiko.transport: [chan 0] Sesch channel 0 request ok
DEB [20191102-17:41:43.771] thr=1   paramiko.transport: EOF in transport thread
DEB [20191102-17:41:43.780] thr=2   paramiko.transport: [chan 0] EOF sent (0)
DEB [20191102-17:41:43.780] thr=2   paramiko.transport: Dropping user packet because connection is dead.
DEB [20191102-17:41:53.681] thr=1   paramiko.transport: starting thread (client mode): 0xaf3ec780
DEB [20191102-17:41:53.681] thr=1   paramiko.transport: Local version/idstring: SSH-2.0-paramiko_2.6.0
DEB [20191102-17:41:53.695] thr=1   paramiko.transport: Remote version/idstring: SSH-2.0-OpenSSH_7.9
INF [20191102-17:41:53.695] thr=1   paramiko.transport: Connected (version 2.0, client OpenSSH_7.9)
DEB [20191102-17:41:53.697] thr=1   paramiko.transport: kex algos:['ecdh-sha2-nistp256', 'ecdh-sha2-nistp384', 'ecdh-sha2-nistp521', 'diffie-hellman-group-exchange-sha256', 'diffie-hellman-group16-sha512', 'diffie-hellman-group18-sha512', 'diffie-hellman-group14-sha256', 'diffie-hellman-group14-sha1'] server key:['rsa-sha2-512', 'rsa-sha2-256', 'ssh-rsa'] client encrypt:['aes256-gcm@openssh.com', 'aes128-gcm@openssh.com', 'aes256-ctr', 'aes192-ctr', 'aes128-ctr'] server encrypt:['aes256-gcm@openssh.com', 'aes128-gcm@openssh.com', 'aes256-ctr', 'aes192-ctr', 'aes128-ctr'] client mac:['hmac-sha2-256', 'hmac-sha2-512', 'hmac-sha1'] server mac:['hmac-sha2-256', 'hmac-sha2-512', 'hmac-sha1'] client compress:['none', 'zlib@openssh.com'] server compress:['none', 'zlib@openssh.com'] client lang:[''] server lang:[''] kex follows?False
DEB [20191102-17:41:53.697] thr=1   paramiko.transport: Kex agreed: ecdh-sha2-nistp256
DEB [20191102-17:41:53.697] thr=1   paramiko.transport: HostKey agreed: ssh-rsa
DEB [20191102-17:41:53.697] thr=1   paramiko.transport: Cipher agreed: aes128-ctr
DEB [20191102-17:41:53.697] thr=1   paramiko.transport: MAC agreed: hmac-sha2-256
DEB [20191102-17:41:53.697] thr=1   paramiko.transport: Compression agreed: none
DEB [20191102-17:41:53.703] thr=1   paramiko.transport: kex engine KexNistp256 specified hash_algo <built-in function openssl_sha256>
DEB [20191102-17:41:53.703] thr=1   paramiko.transport: Switch to new keys ...
DEB [20191102-17:41:53.704] thr=2   paramiko.transport: Adding ssh-rsa host key for 192.168.10.100: b'f6875e5d775d42ef58d3c8ca5b169a58'
DEB [20191102-17:41:53.812] thr=1   paramiko.transport: userauth is OK
DEB [20191102-17:41:53.821] thr=1   paramiko.transport: Authentication type (password) not permitted.
DEB [20191102-17:41:53.821] thr=1   paramiko.transport: Allowed methods: ['publickey', 'keyboard-interactive']
DEB [20191102-17:41:53.822] thr=1   paramiko.transport: userauth is OK
INF [20191102-17:41:53.838] thr=1   paramiko.transport: Authentication (keyboard-interactive) successful!
DEB [20191102-17:41:53.839] thr=2   paramiko.transport: [chan 0] Max packet in: 32768 bytes
DEB [20191102-17:41:53.841] thr=1   paramiko.transport: Received global request "hostkeys-00@openssh.com"
DEB [20191102-17:41:53.841] thr=1   paramiko.transport: Rejecting "hostkeys-00@openssh.com" global request from server.
DEB [20191102-17:41:53.882] thr=1   paramiko.transport: [chan 0] Max packet out: 32768 bytes
DEB [20191102-17:41:53.882] thr=1   paramiko.transport: Secsh channel 0 opened.
DEB [20191102-17:41:53.884] thr=1   paramiko.transport: [chan 0] Sesch channel 0 request ok
DEB [20191102-17:41:53.884] thr=1   paramiko.transport: EOF in transport thread
DEB [20191102-17:41:53.895] thr=2   paramiko.transport: [chan 0] EOF sent (0)
DEB [20191102-17:41:53.895] thr=2   paramiko.transport: Dropping user packet because connection is dead.
DEB [20191102-18:33:55.642] thr=1   paramiko.transport: starting thread (client mode): 0xf758a860
DEB [20191102-18:33:55.643] thr=1   paramiko.transport: Local version/idstring: SSH-2.0-paramiko_2.6.0
DEB [20191102-18:33:55.656] thr=1   paramiko.transport: Remote version/idstring: SSH-2.0-OpenSSH_7.9
INF [20191102-18:33:55.656] thr=1   paramiko.transport: Connected (version 2.0, client OpenSSH_7.9)
DEB [20191102-18:33:55.657] thr=1   paramiko.transport: kex algos:['ecdh-sha2-nistp256', 'ecdh-sha2-nistp384', 'ecdh-sha2-nistp521', 'diffie-hellman-group-exchange-sha256', 'diffie-hellman-group16-sha512', 'diffie-hellman-group18-sha512', 'diffie-hellman-group14-sha256', 'diffie-hellman-group14-sha1'] server key:['rsa-sha2-512', 'rsa-sha2-256', 'ssh-rsa'] client encrypt:['aes256-gcm@openssh.com', 'aes128-gcm@openssh.com', 'aes256-ctr', 'aes192-ctr', 'aes128-ctr'] server encrypt:['aes256-gcm@openssh.com', 'aes128-gcm@openssh.com', 'aes256-ctr', 'aes192-ctr', 'aes128-ctr'] client mac:['hmac-sha2-256', 'hmac-sha2-512', 'hmac-sha1'] server mac:['hmac-sha2-256', 'hmac-sha2-512', 'hmac-sha1'] client compress:['none', 'zlib@openssh.com'] server compress:['none', 'zlib@openssh.com'] client lang:[''] server lang:[''] kex follows?False
DEB [20191102-18:33:55.657] thr=1   paramiko.transport: Kex agreed: ecdh-sha2-nistp256
DEB [20191102-18:33:55.658] thr=1   paramiko.transport: HostKey agreed: ssh-rsa
DEB [20191102-18:33:55.658] thr=1   paramiko.transport: Cipher agreed: aes128-ctr
DEB [20191102-18:33:55.658] thr=1   paramiko.transport: MAC agreed: hmac-sha2-256
DEB [20191102-18:33:55.658] thr=1   paramiko.transport: Compression agreed: none
DEB [20191102-18:33:55.665] thr=1   paramiko.transport: kex engine KexNistp256 specified hash_algo <built-in function openssl_sha256>
DEB [20191102-18:33:55.666] thr=1   paramiko.transport: Switch to new keys ...
DEB [20191102-18:33:55.666] thr=2   paramiko.transport: Adding ssh-rsa host key for 192.168.10.100: b'f6875e5d775d42ef58d3c8ca5b169a58'
DEB [20191102-18:33:55.781] thr=1   paramiko.transport: userauth is OK
DEB [20191102-18:33:55.789] thr=1   paramiko.transport: Authentication type (password) not permitted.
DEB [20191102-18:33:55.789] thr=1   paramiko.transport: Allowed methods: ['publickey', 'keyboard-interactive']
DEB [20191102-18:33:55.790] thr=1   paramiko.transport: userauth is OK
INF [20191102-18:33:55.802] thr=1   paramiko.transport: Authentication (keyboard-interactive) successful!
DEB [20191102-18:33:55.802] thr=2   paramiko.transport: [chan 0] Max packet in: 32768 bytes
DEB [20191102-18:33:55.803] thr=1   paramiko.transport: Received global request "hostkeys-00@openssh.com"
DEB [20191102-18:33:55.803] thr=1   paramiko.transport: Rejecting "hostkeys-00@openssh.com" global request from server.
DEB [20191102-18:33:55.843] thr=1   paramiko.transport: [chan 0] Max packet out: 32768 bytes
DEB [20191102-18:33:55.844] thr=1   paramiko.transport: Secsh channel 0 opened.
DEB [20191102-18:33:55.845] thr=1   paramiko.transport: [chan 0] Sesch channel 0 request ok
DEB [20191102-18:33:55.845] thr=1   paramiko.transport: EOF in transport thread
DEB [20191102-18:33:55.853] thr=2   paramiko.transport: [chan 0] EOF sent (0)
DEB [20191102-18:33:55.853] thr=2   paramiko.transport: Dropping user packet because connection is dead.
DEB [20191102-18:34:33.676] thr=1   paramiko.transport: starting thread (client mode): 0xcb359400
DEB [20191102-18:34:33.676] thr=1   paramiko.transport: Local version/idstring: SSH-2.0-paramiko_2.6.0
DEB [20191102-18:34:33.690] thr=1   paramiko.transport: Remote version/idstring: SSH-2.0-OpenSSH_7.9
INF [20191102-18:34:33.690] thr=1   paramiko.transport: Connected (version 2.0, client OpenSSH_7.9)
DEB [20191102-18:34:33.691] thr=1   paramiko.transport: kex algos:['ecdh-sha2-nistp256', 'ecdh-sha2-nistp384', 'ecdh-sha2-nistp521', 'diffie-hellman-group-exchange-sha256', 'diffie-hellman-group16-sha512', 'diffie-hellman-group18-sha512', 'diffie-hellman-group14-sha256', 'diffie-hellman-group14-sha1'] server key:['rsa-sha2-512', 'rsa-sha2-256', 'ssh-rsa'] client encrypt:['aes256-gcm@openssh.com', 'aes128-gcm@openssh.com', 'aes256-ctr', 'aes192-ctr', 'aes128-ctr'] server encrypt:['aes256-gcm@openssh.com', 'aes128-gcm@openssh.com', 'aes256-ctr', 'aes192-ctr', 'aes128-ctr'] client mac:['hmac-sha2-256', 'hmac-sha2-512', 'hmac-sha1'] server mac:['hmac-sha2-256', 'hmac-sha2-512', 'hmac-sha1'] client compress:['none', 'zlib@openssh.com'] server compress:['none', 'zlib@openssh.com'] client lang:[''] server lang:[''] kex follows?False
DEB [20191102-18:34:33.691] thr=1   paramiko.transport: Kex agreed: ecdh-sha2-nistp256
DEB [20191102-18:34:33.691] thr=1   paramiko.transport: HostKey agreed: ssh-rsa
DEB [20191102-18:34:33.691] thr=1   paramiko.transport: Cipher agreed: aes128-ctr
DEB [20191102-18:34:33.691] thr=1   paramiko.transport: MAC agreed: hmac-sha2-256
DEB [20191102-18:34:33.691] thr=1   paramiko.transport: Compression agreed: none
DEB [20191102-18:34:33.696] thr=1   paramiko.transport: kex engine KexNistp256 specified hash_algo <built-in function openssl_sha256>
DEB [20191102-18:34:33.696] thr=1   paramiko.transport: Switch to new keys ...
DEB [20191102-18:34:33.697] thr=2   paramiko.transport: Adding ssh-rsa host key for 192.168.10.100: b'f6875e5d775d42ef58d3c8ca5b169a58'
DEB [20191102-18:34:33.801] thr=1   paramiko.transport: userauth is OK
DEB [20191102-18:34:33.810] thr=1   paramiko.transport: Authentication type (password) not permitted.
DEB [20191102-18:34:33.810] thr=1   paramiko.transport: Allowed methods: ['publickey', 'keyboard-interactive']
DEB [20191102-18:34:33.811] thr=1   paramiko.transport: userauth is OK
INF [20191102-18:34:33.829] thr=1   paramiko.transport: Authentication (keyboard-interactive) successful!
DEB [20191102-18:34:33.829] thr=2   paramiko.transport: [chan 0] Max packet in: 32768 bytes
DEB [20191102-18:34:33.831] thr=1   paramiko.transport: Received global request "hostkeys-00@openssh.com"
DEB [20191102-18:34:33.831] thr=1   paramiko.transport: Rejecting "hostkeys-00@openssh.com" global request from server.
DEB [20191102-18:34:33.871] thr=1   paramiko.transport: [chan 0] Max packet out: 32768 bytes
DEB [20191102-18:34:33.872] thr=1   paramiko.transport: Secsh channel 0 opened.
DEB [20191102-18:34:33.873] thr=1   paramiko.transport: [chan 0] Sesch channel 0 request ok
DEB [20191102-18:34:33.874] thr=1   paramiko.transport: EOF in transport thread
DEB [20191102-18:34:33.882] thr=2   paramiko.transport: [chan 0] EOF sent (0)
DEB [20191102-18:34:33.882] thr=2   paramiko.transport: Dropping user packet because connection is dead.
DEB [20191102-18:56:50.387] thr=1   paramiko.transport: starting thread (client mode): 0x627fc390
DEB [20191102-18:56:50.387] thr=1   paramiko.transport: Local version/idstring: SSH-2.0-paramiko_2.6.0
DEB [20191102-18:56:50.401] thr=1   paramiko.transport: Remote version/idstring: SSH-2.0-OpenSSH_7.9
INF [20191102-18:56:50.401] thr=1   paramiko.transport: Connected (version 2.0, client OpenSSH_7.9)
DEB [20191102-18:56:50.402] thr=1   paramiko.transport: kex algos:['ecdh-sha2-nistp256', 'ecdh-sha2-nistp384', 'ecdh-sha2-nistp521', 'diffie-hellman-group-exchange-sha256', 'diffie-hellman-group16-sha512', 'diffie-hellman-group18-sha512', 'diffie-hellman-group14-sha256', 'diffie-hellman-group14-sha1'] server key:['rsa-sha2-512', 'rsa-sha2-256', 'ssh-rsa'] client encrypt:['aes256-gcm@openssh.com', 'aes128-gcm@openssh.com', 'aes256-ctr', 'aes192-ctr', 'aes128-ctr'] server encrypt:['aes256-gcm@openssh.com', 'aes128-gcm@openssh.com', 'aes256-ctr', 'aes192-ctr', 'aes128-ctr'] client mac:['hmac-sha2-256', 'hmac-sha2-512', 'hmac-sha1'] server mac:['hmac-sha2-256', 'hmac-sha2-512', 'hmac-sha1'] client compress:['none', 'zlib@openssh.com'] server compress:['none', 'zlib@openssh.com'] client lang:[''] server lang:[''] kex follows?False
DEB [20191102-18:56:50.403] thr=1   paramiko.transport: Kex agreed: ecdh-sha2-nistp256
DEB [20191102-18:56:50.403] thr=1   paramiko.transport: HostKey agreed: ssh-rsa
DEB [20191102-18:56:50.403] thr=1   paramiko.transport: Cipher agreed: aes128-ctr
DEB [20191102-18:56:50.403] thr=1   paramiko.transport: MAC agreed: hmac-sha2-256
DEB [20191102-18:56:50.403] thr=1   paramiko.transport: Compression agreed: none
DEB [20191102-18:56:50.408] thr=1   paramiko.transport: kex engine KexNistp256 specified hash_algo <built-in function openssl_sha256>
DEB [20191102-18:56:50.409] thr=1   paramiko.transport: Switch to new keys ...
DEB [20191102-18:56:50.409] thr=2   paramiko.transport: Adding ssh-rsa host key for 192.168.10.100: b'f6875e5d775d42ef58d3c8ca5b169a58'
DEB [20191102-18:56:50.511] thr=1   paramiko.transport: userauth is OK
DEB [20191102-18:56:50.520] thr=1   paramiko.transport: Authentication type (password) not permitted.
DEB [20191102-18:56:50.520] thr=1   paramiko.transport: Allowed methods: ['publickey', 'keyboard-interactive']
DEB [20191102-18:56:50.521] thr=1   paramiko.transport: userauth is OK
INF [20191102-18:56:50.539] thr=1   paramiko.transport: Authentication (keyboard-interactive) successful!
DEB [20191102-18:56:50.539] thr=2   paramiko.transport: [chan 0] Max packet in: 32768 bytes
DEB [20191102-18:56:50.541] thr=1   paramiko.transport: Received global request "hostkeys-00@openssh.com"
DEB [20191102-18:56:50.542] thr=1   paramiko.transport: Rejecting "hostkeys-00@openssh.com" global request from server.
DEB [20191102-18:56:50.582] thr=1   paramiko.transport: [chan 0] Max packet out: 32768 bytes
DEB [20191102-18:56:50.582] thr=1   paramiko.transport: Secsh channel 0 opened.
DEB [20191102-18:56:50.583] thr=1   paramiko.transport: [chan 0] Sesch channel 0 request ok
DEB [20191102-18:56:50.584] thr=1   paramiko.transport: EOF in transport thread
DEB [20191102-18:56:50.586] thr=3   paramiko.transport: starting thread (client mode): 0x628697b8
DEB [20191102-18:56:50.586] thr=3   paramiko.transport: Local version/idstring: SSH-2.0-paramiko_2.6.0
DEB [20191102-18:56:50.599] thr=3   paramiko.transport: Remote version/idstring: SSH-2.0-OpenSSH_7.9
INF [20191102-18:56:50.599] thr=3   paramiko.transport: Connected (version 2.0, client OpenSSH_7.9)
DEB [20191102-18:56:50.600] thr=3   paramiko.transport: kex algos:['ecdh-sha2-nistp256', 'ecdh-sha2-nistp384', 'ecdh-sha2-nistp521', 'diffie-hellman-group-exchange-sha256', 'diffie-hellman-group16-sha512', 'diffie-hellman-group18-sha512', 'diffie-hellman-group14-sha256', 'diffie-hellman-group14-sha1'] server key:['rsa-sha2-512', 'rsa-sha2-256', 'ssh-rsa'] client encrypt:['aes256-gcm@openssh.com', 'aes128-gcm@openssh.com', 'aes256-ctr', 'aes192-ctr', 'aes128-ctr'] server encrypt:['aes256-gcm@openssh.com', 'aes128-gcm@openssh.com', 'aes256-ctr', 'aes192-ctr', 'aes128-ctr'] client mac:['hmac-sha2-256', 'hmac-sha2-512', 'hmac-sha1'] server mac:['hmac-sha2-256', 'hmac-sha2-512', 'hmac-sha1'] client compress:['none', 'zlib@openssh.com'] server compress:['none', 'zlib@openssh.com'] client lang:[''] server lang:[''] kex follows?False
DEB [20191102-18:56:50.600] thr=3   paramiko.transport: Kex agreed: ecdh-sha2-nistp256
DEB [20191102-18:56:50.600] thr=3   paramiko.transport: HostKey agreed: ssh-rsa
DEB [20191102-18:56:50.600] thr=3   paramiko.transport: Cipher agreed: aes128-ctr
DEB [20191102-18:56:50.600] thr=3   paramiko.transport: MAC agreed: hmac-sha2-256
DEB [20191102-18:56:50.600] thr=3   paramiko.transport: Compression agreed: none
DEB [20191102-18:56:50.605] thr=3   paramiko.transport: kex engine KexNistp256 specified hash_algo <built-in function openssl_sha256>
DEB [20191102-18:56:50.605] thr=3   paramiko.transport: Switch to new keys ...
DEB [20191102-18:56:50.606] thr=2   paramiko.transport: Adding ssh-rsa host key for 192.168.10.100: b'f6875e5d775d42ef58d3c8ca5b169a58'
DEB [20191102-18:56:50.711] thr=3   paramiko.transport: userauth is OK
DEB [20191102-18:56:50.719] thr=3   paramiko.transport: Authentication type (password) not permitted.
DEB [20191102-18:56:50.719] thr=3   paramiko.transport: Allowed methods: ['publickey', 'keyboard-interactive']
DEB [20191102-18:56:50.720] thr=3   paramiko.transport: userauth is OK
INF [20191102-18:56:50.737] thr=3   paramiko.transport: Authentication (keyboard-interactive) successful!
DEB [20191102-18:56:50.737] thr=2   paramiko.transport: [chan 0] Max packet in: 32768 bytes
DEB [20191102-18:56:50.741] thr=3   paramiko.transport: Received global request "hostkeys-00@openssh.com"
DEB [20191102-18:56:50.741] thr=3   paramiko.transport: Rejecting "hostkeys-00@openssh.com" global request from server.
DEB [20191102-18:56:50.782] thr=3   paramiko.transport: [chan 0] Max packet out: 32768 bytes
DEB [20191102-18:56:50.782] thr=3   paramiko.transport: Secsh channel 0 opened.
DEB [20191102-18:56:50.784] thr=3   paramiko.transport: [chan 0] Sesch channel 0 request ok
DEB [20191102-18:56:50.784] thr=3   paramiko.transport: EOF in transport thread
DEB [20191102-18:56:50.797] thr=2   paramiko.transport: [chan 0] EOF sent (0)
DEB [20191102-18:56:50.797] thr=2   paramiko.transport: Dropping user packet because connection is dead.
DEB [20191102-18:56:50.797] thr=2   paramiko.transport: [chan 0] EOF sent (0)
DEB [20191102-18:56:50.797] thr=2   paramiko.transport: Dropping user packet because connection is dead.
DEB [20191102-18:58:59.909] thr=1   paramiko.transport: starting thread (client mode): 0x7c3f9208
DEB [20191102-18:58:59.909] thr=1   paramiko.transport: Local version/idstring: SSH-2.0-paramiko_2.6.0
DEB [20191102-18:58:59.921] thr=1   paramiko.transport: Remote version/idstring: SSH-2.0-OpenSSH_7.9
INF [20191102-18:58:59.921] thr=1   paramiko.transport: Connected (version 2.0, client OpenSSH_7.9)
DEB [20191102-18:58:59.922] thr=1   paramiko.transport: kex algos:['ecdh-sha2-nistp256', 'ecdh-sha2-nistp384', 'ecdh-sha2-nistp521', 'diffie-hellman-group-exchange-sha256', 'diffie-hellman-group16-sha512', 'diffie-hellman-group18-sha512', 'diffie-hellman-group14-sha256', 'diffie-hellman-group14-sha1'] server key:['rsa-sha2-512', 'rsa-sha2-256', 'ssh-rsa'] client encrypt:['aes256-gcm@openssh.com', 'aes128-gcm@openssh.com', 'aes256-ctr', 'aes192-ctr', 'aes128-ctr'] server encrypt:['aes256-gcm@openssh.com', 'aes128-gcm@openssh.com', 'aes256-ctr', 'aes192-ctr', 'aes128-ctr'] client mac:['hmac-sha2-256', 'hmac-sha2-512', 'hmac-sha1'] server mac:['hmac-sha2-256', 'hmac-sha2-512', 'hmac-sha1'] client compress:['none', 'zlib@openssh.com'] server compress:['none', 'zlib@openssh.com'] client lang:[''] server lang:[''] kex follows?False
DEB [20191102-18:58:59.923] thr=1   paramiko.transport: Kex agreed: ecdh-sha2-nistp256
DEB [20191102-18:58:59.923] thr=1   paramiko.transport: HostKey agreed: ssh-rsa
DEB [20191102-18:58:59.923] thr=1   paramiko.transport: Cipher agreed: aes128-ctr
DEB [20191102-18:58:59.923] thr=1   paramiko.transport: MAC agreed: hmac-sha2-256
DEB [20191102-18:58:59.923] thr=1   paramiko.transport: Compression agreed: none
DEB [20191102-18:58:59.928] thr=1   paramiko.transport: kex engine KexNistp256 specified hash_algo <built-in function openssl_sha256>
DEB [20191102-18:58:59.928] thr=1   paramiko.transport: Switch to new keys ...
DEB [20191102-18:58:59.928] thr=2   paramiko.transport: Adding ssh-rsa host key for 192.168.10.100: b'f6875e5d775d42ef58d3c8ca5b169a58'
DEB [20191102-18:59:00.031] thr=1   paramiko.transport: userauth is OK
DEB [20191102-18:59:00.038] thr=1   paramiko.transport: Authentication type (password) not permitted.
DEB [20191102-18:59:00.038] thr=1   paramiko.transport: Allowed methods: ['publickey', 'keyboard-interactive']
DEB [20191102-18:59:00.039] thr=1   paramiko.transport: userauth is OK
INF [20191102-18:59:00.052] thr=1   paramiko.transport: Authentication (keyboard-interactive) successful!
DEB [20191102-18:59:00.053] thr=2   paramiko.transport: [chan 0] Max packet in: 32768 bytes
DEB [20191102-18:59:00.056] thr=1   paramiko.transport: Received global request "hostkeys-00@openssh.com"
DEB [20191102-18:59:00.056] thr=1   paramiko.transport: Rejecting "hostkeys-00@openssh.com" global request from server.
DEB [20191102-18:59:00.097] thr=1   paramiko.transport: [chan 0] Max packet out: 32768 bytes
DEB [20191102-18:59:00.097] thr=1   paramiko.transport: Secsh channel 0 opened.
DEB [20191102-18:59:00.098] thr=1   paramiko.transport: [chan 0] Sesch channel 0 request ok
DEB [20191102-18:59:00.098] thr=1   paramiko.transport: EOF in transport thread
DEB [20191102-18:59:00.106] thr=2   paramiko.transport: [chan 0] EOF sent (0)
DEB [20191102-18:59:00.106] thr=2   paramiko.transport: Dropping user packet because connection is dead.
DEB [20191102-18:59:24.544] thr=1   paramiko.transport: starting thread (client mode): 0x69539f98
DEB [20191102-18:59:24.545] thr=1   paramiko.transport: Local version/idstring: SSH-2.0-paramiko_2.6.0
DEB [20191102-18:59:24.557] thr=1   paramiko.transport: Remote version/idstring: SSH-2.0-OpenSSH_7.9
INF [20191102-18:59:24.557] thr=1   paramiko.transport: Connected (version 2.0, client OpenSSH_7.9)
DEB [20191102-18:59:24.558] thr=1   paramiko.transport: kex algos:['ecdh-sha2-nistp256', 'ecdh-sha2-nistp384', 'ecdh-sha2-nistp521', 'diffie-hellman-group-exchange-sha256', 'diffie-hellman-group16-sha512', 'diffie-hellman-group18-sha512', 'diffie-hellman-group14-sha256', 'diffie-hellman-group14-sha1'] server key:['rsa-sha2-512', 'rsa-sha2-256', 'ssh-rsa'] client encrypt:['aes256-gcm@openssh.com', 'aes128-gcm@openssh.com', 'aes256-ctr', 'aes192-ctr', 'aes128-ctr'] server encrypt:['aes256-gcm@openssh.com', 'aes128-gcm@openssh.com', 'aes256-ctr', 'aes192-ctr', 'aes128-ctr'] client mac:['hmac-sha2-256', 'hmac-sha2-512', 'hmac-sha1'] server mac:['hmac-sha2-256', 'hmac-sha2-512', 'hmac-sha1'] client compress:['none', 'zlib@openssh.com'] server compress:['none', 'zlib@openssh.com'] client lang:[''] server lang:[''] kex follows?False
DEB [20191102-18:59:24.558] thr=1   paramiko.transport: Kex agreed: ecdh-sha2-nistp256
DEB [20191102-18:59:24.558] thr=1   paramiko.transport: HostKey agreed: ssh-rsa
DEB [20191102-18:59:24.558] thr=1   paramiko.transport: Cipher agreed: aes128-ctr
DEB [20191102-18:59:24.558] thr=1   paramiko.transport: MAC agreed: hmac-sha2-256
DEB [20191102-18:59:24.558] thr=1   paramiko.transport: Compression agreed: none
DEB [20191102-18:59:24.563] thr=1   paramiko.transport: kex engine KexNistp256 specified hash_algo <built-in function openssl_sha256>
DEB [20191102-18:59:24.564] thr=1   paramiko.transport: Switch to new keys ...
DEB [20191102-18:59:24.564] thr=2   paramiko.transport: Adding ssh-rsa host key for 192.168.10.100: b'f6875e5d775d42ef58d3c8ca5b169a58'
DEB [20191102-18:59:24.681] thr=1   paramiko.transport: userauth is OK
DEB [20191102-18:59:24.690] thr=1   paramiko.transport: Authentication type (password) not permitted.
DEB [20191102-18:59:24.690] thr=1   paramiko.transport: Allowed methods: ['publickey', 'keyboard-interactive']
DEB [20191102-18:59:24.691] thr=1   paramiko.transport: userauth is OK
INF [20191102-18:59:24.705] thr=1   paramiko.transport: Authentication (keyboard-interactive) successful!
DEB [20191102-18:59:24.705] thr=2   paramiko.transport: [chan 0] Max packet in: 32768 bytes
DEB [20191102-18:59:24.706] thr=1   paramiko.transport: Received global request "hostkeys-00@openssh.com"
DEB [20191102-18:59:24.706] thr=1   paramiko.transport: Rejecting "hostkeys-00@openssh.com" global request from server.
DEB [20191102-18:59:24.747] thr=1   paramiko.transport: [chan 0] Max packet out: 32768 bytes
DEB [20191102-18:59:24.747] thr=1   paramiko.transport: Secsh channel 0 opened.
DEB [20191102-18:59:24.749] thr=1   paramiko.transport: [chan 0] Sesch channel 0 request ok
DEB [20191102-18:59:24.749] thr=1   paramiko.transport: EOF in transport thread
DEB [20191102-18:59:24.757] thr=2   paramiko.transport: [chan 0] EOF sent (0)
DEB [20191102-18:59:24.757] thr=2   paramiko.transport: Dropping user packet because connection is dead.
DEB [20191102-19:33:51.960] thr=1   paramiko.transport: starting thread (client mode): 0x627c518
DEB [20191102-19:33:51.960] thr=1   paramiko.transport: Local version/idstring: SSH-2.0-paramiko_2.6.0
DEB [20191102-19:33:51.974] thr=1   paramiko.transport: Remote version/idstring: SSH-2.0-OpenSSH_7.9
INF [20191102-19:33:51.974] thr=1   paramiko.transport: Connected (version 2.0, client OpenSSH_7.9)
DEB [20191102-19:33:51.975] thr=1   paramiko.transport: kex algos:['ecdh-sha2-nistp256', 'ecdh-sha2-nistp384', 'ecdh-sha2-nistp521', 'diffie-hellman-group-exchange-sha256', 'diffie-hellman-group16-sha512', 'diffie-hellman-group18-sha512', 'diffie-hellman-group14-sha256', 'diffie-hellman-group14-sha1'] server key:['rsa-sha2-512', 'rsa-sha2-256', 'ssh-rsa'] client encrypt:['aes256-gcm@openssh.com', 'aes128-gcm@openssh.com', 'aes256-ctr', 'aes192-ctr', 'aes128-ctr'] server encrypt:['aes256-gcm@openssh.com', 'aes128-gcm@openssh.com', 'aes256-ctr', 'aes192-ctr', 'aes128-ctr'] client mac:['hmac-sha2-256', 'hmac-sha2-512', 'hmac-sha1'] server mac:['hmac-sha2-256', 'hmac-sha2-512', 'hmac-sha1'] client compress:['none', 'zlib@openssh.com'] server compress:['none', 'zlib@openssh.com'] client lang:[''] server lang:[''] kex follows?False
DEB [20191102-19:33:51.975] thr=1   paramiko.transport: Kex agreed: ecdh-sha2-nistp256
DEB [20191102-19:33:51.975] thr=1   paramiko.transport: HostKey agreed: ssh-rsa
DEB [20191102-19:33:51.975] thr=1   paramiko.transport: Cipher agreed: aes128-ctr
DEB [20191102-19:33:51.975] thr=1   paramiko.transport: MAC agreed: hmac-sha2-256
DEB [20191102-19:33:51.975] thr=1   paramiko.transport: Compression agreed: none
DEB [20191102-19:33:51.981] thr=1   paramiko.transport: kex engine KexNistp256 specified hash_algo <built-in function openssl_sha256>
DEB [20191102-19:33:51.981] thr=1   paramiko.transport: Switch to new keys ...
DEB [20191102-19:33:51.981] thr=2   paramiko.transport: Adding ssh-rsa host key for 192.168.10.100: b'f6875e5d775d42ef58d3c8ca5b169a58'
DEB [20191102-19:33:52.100] thr=1   paramiko.transport: userauth is OK
DEB [20191102-19:33:52.108] thr=1   paramiko.transport: Authentication type (password) not permitted.
DEB [20191102-19:33:52.108] thr=1   paramiko.transport: Allowed methods: ['publickey', 'keyboard-interactive']
DEB [20191102-19:33:52.109] thr=1   paramiko.transport: userauth is OK
INF [20191102-19:33:52.125] thr=1   paramiko.transport: Authentication (keyboard-interactive) successful!
DEB [20191102-19:33:52.126] thr=2   paramiko.transport: [chan 0] Max packet in: 32768 bytes
DEB [20191102-19:33:52.126] thr=1   paramiko.transport: Received global request "hostkeys-00@openssh.com"
DEB [20191102-19:33:52.127] thr=1   paramiko.transport: Rejecting "hostkeys-00@openssh.com" global request from server.
DEB [20191102-19:33:52.167] thr=1   paramiko.transport: [chan 0] Max packet out: 32768 bytes
DEB [20191102-19:33:52.167] thr=1   paramiko.transport: Secsh channel 0 opened.
DEB [20191102-19:33:52.168] thr=1   paramiko.transport: [chan 0] Sesch channel 0 request ok
DEB [20191102-19:33:52.169] thr=1   paramiko.transport: EOF in transport thread
DEB [20191102-19:33:52.179] thr=2   paramiko.transport: [chan 0] EOF sent (0)
DEB [20191102-19:33:52.179] thr=2   paramiko.transport: Dropping user packet because connection is dead.
DEB [20191102-19:33:56.940] thr=1   paramiko.transport: starting thread (client mode): 0x4c9e9a58
DEB [20191102-19:33:56.940] thr=1   paramiko.transport: Local version/idstring: SSH-2.0-paramiko_2.6.0
DEB [20191102-19:33:56.957] thr=1   paramiko.transport: Remote version/idstring: SSH-2.0-OpenSSH_7.9
INF [20191102-19:33:56.957] thr=1   paramiko.transport: Connected (version 2.0, client OpenSSH_7.9)
DEB [20191102-19:33:56.958] thr=1   paramiko.transport: kex algos:['ecdh-sha2-nistp256', 'ecdh-sha2-nistp384', 'ecdh-sha2-nistp521', 'diffie-hellman-group-exchange-sha256', 'diffie-hellman-group16-sha512', 'diffie-hellman-group18-sha512', 'diffie-hellman-group14-sha256', 'diffie-hellman-group14-sha1'] server key:['rsa-sha2-512', 'rsa-sha2-256', 'ssh-rsa'] client encrypt:['aes256-gcm@openssh.com', 'aes128-gcm@openssh.com', 'aes256-ctr', 'aes192-ctr', 'aes128-ctr'] server encrypt:['aes256-gcm@openssh.com', 'aes128-gcm@openssh.com', 'aes256-ctr', 'aes192-ctr', 'aes128-ctr'] client mac:['hmac-sha2-256', 'hmac-sha2-512', 'hmac-sha1'] server mac:['hmac-sha2-256', 'hmac-sha2-512', 'hmac-sha1'] client compress:['none', 'zlib@openssh.com'] server compress:['none', 'zlib@openssh.com'] client lang:[''] server lang:[''] kex follows?False
DEB [20191102-19:33:56.959] thr=1   paramiko.transport: Kex agreed: ecdh-sha2-nistp256
DEB [20191102-19:33:56.959] thr=1   paramiko.transport: HostKey agreed: ssh-rsa
DEB [20191102-19:33:56.959] thr=1   paramiko.transport: Cipher agreed: aes128-ctr
DEB [20191102-19:33:56.959] thr=1   paramiko.transport: MAC agreed: hmac-sha2-256
DEB [20191102-19:33:56.959] thr=1   paramiko.transport: Compression agreed: none
DEB [20191102-19:33:56.964] thr=1   paramiko.transport: kex engine KexNistp256 specified hash_algo <built-in function openssl_sha256>
DEB [20191102-19:33:56.965] thr=1   paramiko.transport: Switch to new keys ...
DEB [20191102-19:33:56.965] thr=2   paramiko.transport: Adding ssh-rsa host key for 192.168.10.100: b'f6875e5d775d42ef58d3c8ca5b169a58'
DEB [20191102-19:33:57.080] thr=1   paramiko.transport: userauth is OK
DEB [20191102-19:33:57.088] thr=1   paramiko.transport: Authentication type (password) not permitted.
DEB [20191102-19:33:57.088] thr=1   paramiko.transport: Allowed methods: ['publickey', 'keyboard-interactive']
DEB [20191102-19:33:57.089] thr=1   paramiko.transport: userauth is OK
INF [20191102-19:33:57.106] thr=1   paramiko.transport: Authentication (keyboard-interactive) successful!
DEB [20191102-19:33:57.106] thr=2   paramiko.transport: [chan 0] Max packet in: 32768 bytes
DEB [20191102-19:33:57.110] thr=1   paramiko.transport: Received global request "hostkeys-00@openssh.com"
DEB [20191102-19:33:57.110] thr=1   paramiko.transport: Rejecting "hostkeys-00@openssh.com" global request from server.
DEB [20191102-19:33:57.151] thr=1   paramiko.transport: [chan 0] Max packet out: 32768 bytes
DEB [20191102-19:33:57.151] thr=1   paramiko.transport: Secsh channel 0 opened.
DEB [20191102-19:33:57.152] thr=1   paramiko.transport: [chan 0] Sesch channel 0 request ok
DEB [20191102-19:33:57.152] thr=1   paramiko.transport: EOF in transport thread
DEB [20191102-19:33:57.162] thr=2   paramiko.transport: [chan 0] EOF sent (0)
DEB [20191102-19:33:57.163] thr=2   paramiko.transport: Dropping user packet because connection is dead.
DEB [20191102-20:10:47.345] thr=1   paramiko.transport: starting thread (client mode): 0xffb3d668
DEB [20191102-20:10:47.345] thr=1   paramiko.transport: Local version/idstring: SSH-2.0-paramiko_2.6.0
DEB [20191102-20:10:47.361] thr=1   paramiko.transport: Remote version/idstring: SSH-2.0-OpenSSH_7.9
INF [20191102-20:10:47.361] thr=1   paramiko.transport: Connected (version 2.0, client OpenSSH_7.9)
DEB [20191102-20:10:47.362] thr=1   paramiko.transport: kex algos:['ecdh-sha2-nistp256', 'ecdh-sha2-nistp384', 'ecdh-sha2-nistp521', 'diffie-hellman-group-exchange-sha256', 'diffie-hellman-group16-sha512', 'diffie-hellman-group18-sha512', 'diffie-hellman-group14-sha256', 'diffie-hellman-group14-sha1'] server key:['rsa-sha2-512', 'rsa-sha2-256', 'ssh-rsa'] client encrypt:['aes256-gcm@openssh.com', 'aes128-gcm@openssh.com', 'aes256-ctr', 'aes192-ctr', 'aes128-ctr'] server encrypt:['aes256-gcm@openssh.com', 'aes128-gcm@openssh.com', 'aes256-ctr', 'aes192-ctr', 'aes128-ctr'] client mac:['hmac-sha2-256', 'hmac-sha2-512', 'hmac-sha1'] server mac:['hmac-sha2-256', 'hmac-sha2-512', 'hmac-sha1'] client compress:['none', 'zlib@openssh.com'] server compress:['none', 'zlib@openssh.com'] client lang:[''] server lang:[''] kex follows?False
DEB [20191102-20:10:47.362] thr=1   paramiko.transport: Kex agreed: ecdh-sha2-nistp256
DEB [20191102-20:10:47.362] thr=1   paramiko.transport: HostKey agreed: ssh-rsa
DEB [20191102-20:10:47.362] thr=1   paramiko.transport: Cipher agreed: aes128-ctr
DEB [20191102-20:10:47.362] thr=1   paramiko.transport: MAC agreed: hmac-sha2-256
DEB [20191102-20:10:47.362] thr=1   paramiko.transport: Compression agreed: none
DEB [20191102-20:10:47.367] thr=1   paramiko.transport: kex engine KexNistp256 specified hash_algo <built-in function openssl_sha256>
DEB [20191102-20:10:47.367] thr=1   paramiko.transport: Switch to new keys ...
DEB [20191102-20:10:47.368] thr=2   paramiko.transport: Adding ssh-rsa host key for 192.168.10.100: b'f6875e5d775d42ef58d3c8ca5b169a58'
DEB [20191102-20:10:47.480] thr=1   paramiko.transport: userauth is OK
DEB [20191102-20:10:47.489] thr=1   paramiko.transport: Authentication type (password) not permitted.
DEB [20191102-20:10:47.489] thr=1   paramiko.transport: Allowed methods: ['publickey', 'keyboard-interactive']
DEB [20191102-20:10:47.490] thr=1   paramiko.transport: userauth is OK
INF [20191102-20:10:47.507] thr=1   paramiko.transport: Authentication (keyboard-interactive) successful!
DEB [20191102-20:10:47.507] thr=2   paramiko.transport: [chan 0] Max packet in: 32768 bytes
DEB [20191102-20:10:47.511] thr=1   paramiko.transport: Received global request "hostkeys-00@openssh.com"
DEB [20191102-20:10:47.511] thr=1   paramiko.transport: Rejecting "hostkeys-00@openssh.com" global request from server.
DEB [20191102-20:10:47.551] thr=1   paramiko.transport: [chan 0] Max packet out: 32768 bytes
DEB [20191102-20:10:47.552] thr=1   paramiko.transport: Secsh channel 0 opened.
DEB [20191102-20:10:47.553] thr=1   paramiko.transport: [chan 0] Sesch channel 0 request ok
DEB [20191102-20:10:47.553] thr=1   paramiko.transport: EOF in transport thread
DEB [20191102-20:10:47.562] thr=2   paramiko.transport: [chan 0] EOF sent (0)
DEB [20191102-20:10:47.562] thr=2   paramiko.transport: Dropping user packet because connection is dead.
DEB [20191102-20:10:51.280] thr=1   paramiko.transport: starting thread (client mode): 0x2fc58a20
DEB [20191102-20:10:51.280] thr=1   paramiko.transport: Local version/idstring: SSH-2.0-paramiko_2.6.0
DEB [20191102-20:10:51.293] thr=1   paramiko.transport: Remote version/idstring: SSH-2.0-OpenSSH_7.9
INF [20191102-20:10:51.293] thr=1   paramiko.transport: Connected (version 2.0, client OpenSSH_7.9)
DEB [20191102-20:10:51.294] thr=1   paramiko.transport: kex algos:['ecdh-sha2-nistp256', 'ecdh-sha2-nistp384', 'ecdh-sha2-nistp521', 'diffie-hellman-group-exchange-sha256', 'diffie-hellman-group16-sha512', 'diffie-hellman-group18-sha512', 'diffie-hellman-group14-sha256', 'diffie-hellman-group14-sha1'] server key:['rsa-sha2-512', 'rsa-sha2-256', 'ssh-rsa'] client encrypt:['aes256-gcm@openssh.com', 'aes128-gcm@openssh.com', 'aes256-ctr', 'aes192-ctr', 'aes128-ctr'] server encrypt:['aes256-gcm@openssh.com', 'aes128-gcm@openssh.com', 'aes256-ctr', 'aes192-ctr', 'aes128-ctr'] client mac:['hmac-sha2-256', 'hmac-sha2-512', 'hmac-sha1'] server mac:['hmac-sha2-256', 'hmac-sha2-512', 'hmac-sha1'] client compress:['none', 'zlib@openssh.com'] server compress:['none', 'zlib@openssh.com'] client lang:[''] server lang:[''] kex follows?False
DEB [20191102-20:10:51.294] thr=1   paramiko.transport: Kex agreed: ecdh-sha2-nistp256
DEB [20191102-20:10:51.294] thr=1   paramiko.transport: HostKey agreed: ssh-rsa
DEB [20191102-20:10:51.294] thr=1   paramiko.transport: Cipher agreed: aes128-ctr
DEB [20191102-20:10:51.294] thr=1   paramiko.transport: MAC agreed: hmac-sha2-256
DEB [20191102-20:10:51.294] thr=1   paramiko.transport: Compression agreed: none
DEB [20191102-20:10:51.302] thr=1   paramiko.transport: kex engine KexNistp256 specified hash_algo <built-in function openssl_sha256>
DEB [20191102-20:10:51.302] thr=1   paramiko.transport: Switch to new keys ...
DEB [20191102-20:10:51.302] thr=2   paramiko.transport: Adding ssh-rsa host key for 192.168.10.100: b'f6875e5d775d42ef58d3c8ca5b169a58'
DEB [20191102-20:10:51.410] thr=1   paramiko.transport: userauth is OK
DEB [20191102-20:10:51.419] thr=1   paramiko.transport: Authentication type (password) not permitted.
DEB [20191102-20:10:51.419] thr=1   paramiko.transport: Allowed methods: ['publickey', 'keyboard-interactive']
DEB [20191102-20:10:51.420] thr=1   paramiko.transport: userauth is OK
INF [20191102-20:10:51.434] thr=1   paramiko.transport: Authentication (keyboard-interactive) successful!
DEB [20191102-20:10:51.435] thr=2   paramiko.transport: [chan 0] Max packet in: 32768 bytes
DEB [20191102-20:10:51.438] thr=1   paramiko.transport: Received global request "hostkeys-00@openssh.com"
DEB [20191102-20:10:51.438] thr=1   paramiko.transport: Rejecting "hostkeys-00@openssh.com" global request from server.
DEB [20191102-20:10:51.478] thr=1   paramiko.transport: [chan 0] Max packet out: 32768 bytes
DEB [20191102-20:10:51.478] thr=1   paramiko.transport: Secsh channel 0 opened.
DEB [20191102-20:10:51.479] thr=1   paramiko.transport: [chan 0] Sesch channel 0 request ok
DEB [20191102-20:10:51.479] thr=1   paramiko.transport: EOF in transport thread
DEB [20191102-20:10:51.488] thr=2   paramiko.transport: [chan 0] EOF sent (0)
DEB [20191102-20:10:51.489] thr=2   paramiko.transport: Dropping user packet because connection is dead.
